CRITICAL - 2022-08-09 15:32:33 --> Undefined variable $current_url
in APPPATH\Views\layout\navbar.php on line 17.
 1 APPPATH\Views\layout\navbar.php(17): CodeIgniter\Debug\Exceptions->errorHandler(2, 'Undefined variable $current_url', 'APPPATH\\Views\\layout\\navbar.php', 17)
 2 SYSTEMPATH\View\View.php(213): include('APPPATH\\Views\\layout\\navbar.php')
 3 SYSTEMPATH\View\View.php(216): CodeIgniter\View\View->CodeIgniter\View\{closure}()
 4 SYSTEMPATH\View\View.php(429): CodeIgniter\View\View->render('layout/navbar', null, true)
 5 APPPATH\Views\layout\template.php(20): CodeIgniter\View\View->include('layout/navbar')
 6 SYSTEMPATH\View\View.php(213): include('APPPATH\\Views\\layout\\template.php')
 7 SYSTEMPATH\View\View.php(216): CodeIgniter\View\View->CodeIgniter\View\{closure}()
 8 SYSTEMPATH\View\View.php(229): CodeIgniter\View\View->render('layout/template', [], true)
 9 SYSTEMPATH\Common.php(1135): CodeIgniter\View\View->render('pages/hero', [], true)
10 APPPATH\Controllers\Home.php(13): view('pages/hero', [...])
11 SYSTEMPATH\CodeIgniter.php(896): App\Controllers\Home->index()
12 SYSTEMPATH\CodeIgniter.php(466): CodeIgniter\CodeIgniter->runController(Object(App\Controllers\Home))
13 SYSTEMPATH\CodeIgniter.php(349): CodeIgniter\CodeIgniter->handleRequest(null, Object(Config\Cache), false)
14 FCPATH\index.php(55): CodeIgniter\CodeIgniter->run()
15 SYSTEMPATH\Commands\Server\rewrite.php(43): require_once('FCPATH\\index.php')
CRITICAL - 2022-08-09 15:32:51 --> Undefined variable $current_url
in APPPATH\Views\layout\navbar.php on line 17.
 1 APPPATH\Views\layout\navbar.php(17): CodeIgniter\Debug\Exceptions->errorHandler(2, 'Undefined variable $current_url', 'APPPATH\\Views\\layout\\navbar.php', 17)
 2 SYSTEMPATH\View\View.php(213): include('APPPATH\\Views\\layout\\navbar.php')
 3 SYSTEMPATH\View\View.php(216): CodeIgniter\View\View->CodeIgniter\View\{closure}()
 4 SYSTEMPATH\View\View.php(429): CodeIgniter\View\View->render('layout/navbar', null, true)
 5 APPPATH\Views\layout\template.php(20): CodeIgniter\View\View->include('layout/navbar')
 6 SYSTEMPATH\View\View.php(213): include('APPPATH\\Views\\layout\\template.php')
 7 SYSTEMPATH\View\View.php(216): CodeIgniter\View\View->CodeIgniter\View\{closure}()
 8 SYSTEMPATH\View\View.php(229): CodeIgniter\View\View->render('layout/template', [], true)
 9 SYSTEMPATH\Common.php(1135): CodeIgniter\View\View->render('pages/hero', [], true)
10 APPPATH\Controllers\Home.php(13): view('pages/hero', [...])
11 SYSTEMPATH\CodeIgniter.php(896): App\Controllers\Home->index()
12 SYSTEMPATH\CodeIgniter.php(466): CodeIgniter\CodeIgniter->runController(Object(App\Controllers\Home))
13 SYSTEMPATH\CodeIgniter.php(349): CodeIgniter\CodeIgniter->handleRequest(null, Object(Config\Cache), false)
14 FCPATH\index.php(55): CodeIgniter\CodeIgniter->run()
15 SYSTEMPATH\Commands\Server\rewrite.php(43): require_once('FCPATH\\index.php')
CRITICAL - 2022-08-09 15:32:59 --> Undefined variable $current_url
in APPPATH\Views\layout\navbar.php on line 17.
 1 APPPATH\Views\layout\navbar.php(17): CodeIgniter\Debug\Exceptions->errorHandler(2, 'Undefined variable $current_url', 'APPPATH\\Views\\layout\\navbar.php', 17)
 2 SYSTEMPATH\View\View.php(213): include('APPPATH\\Views\\layout\\navbar.php')
 3 SYSTEMPATH\View\View.php(216): CodeIgniter\View\View->CodeIgniter\View\{closure}()
 4 SYSTEMPATH\View\View.php(429): CodeIgniter\View\View->render('layout/navbar', null, true)
 5 APPPATH\Views\layout\template.php(20): CodeIgniter\View\View->include('layout/navbar')
 6 SYSTEMPATH\View\View.php(213): include('APPPATH\\Views\\layout\\template.php')
 7 SYSTEMPATH\View\View.php(216): CodeIgniter\View\View->CodeIgniter\View\{closure}()
 8 SYSTEMPATH\View\View.php(229): CodeIgniter\View\View->render('layout/template', [], true)
 9 SYSTEMPATH\Common.php(1135): CodeIgniter\View\View->render('pages/hero', [], true)
10 APPPATH\Controllers\Home.php(13): view('pages/hero', [...])
11 SYSTEMPATH\CodeIgniter.php(896): App\Controllers\Home->index()
12 SYSTEMPATH\CodeIgniter.php(466): CodeIgniter\CodeIgniter->runController(Object(App\Controllers\Home))
13 SYSTEMPATH\CodeIgniter.php(349): CodeIgniter\CodeIgniter->handleRequest(null, Object(Config\Cache), false)
14 FCPATH\index.php(55): CodeIgniter\CodeIgniter->run()
15 SYSTEMPATH\Commands\Server\rewrite.php(43): require_once('FCPATH\\index.php')
CRITICAL - 2022-08-09 15:33:27 --> Call to undefined method CodeIgniter\View\View::current_url()
in APPPATH\Views\layout\navbar.php on line 17.
 1 SYSTEMPATH\View\View.php(213): include()
 2 SYSTEMPATH\View\View.php(216): CodeIgniter\View\View->CodeIgniter\View\{closure}()
 3 SYSTEMPATH\View\View.php(429): CodeIgniter\View\View->render('layout/navbar', null, true)
 4 APPPATH\Views\layout\template.php(20): CodeIgniter\View\View->include('layout/navbar')
 5 SYSTEMPATH\View\View.php(213): include('APPPATH\\Views\\layout\\template.php')
 6 SYSTEMPATH\View\View.php(216): CodeIgniter\View\View->CodeIgniter\View\{closure}()
 7 SYSTEMPATH\View\View.php(229): CodeIgniter\View\View->render('layout/template', [], true)
 8 SYSTEMPATH\Common.php(1135): CodeIgniter\View\View->render('pages/hero', [], true)
 9 APPPATH\Controllers\Home.php(13): view('pages/hero', [...])
10 SYSTEMPATH\CodeIgniter.php(896): App\Controllers\Home->index()
11 SYSTEMPATH\CodeIgniter.php(466): CodeIgniter\CodeIgniter->runController(Object(App\Controllers\Home))
12 SYSTEMPATH\CodeIgniter.php(349): CodeIgniter\CodeIgniter->handleRequest(null, Object(Config\Cache), false)
13 FCPATH\index.php(55): CodeIgniter\CodeIgniter->run()
14 SYSTEMPATH\Commands\Server\rewrite.php(43): require_once('FCPATH\\index.php')
CRITICAL - 2022-08-09 15:33:28 --> Call to undefined method CodeIgniter\View\View::current_url()
in APPPATH\Views\layout\navbar.php on line 17.
 1 SYSTEMPATH\View\View.php(213): include()
 2 SYSTEMPATH\View\View.php(216): CodeIgniter\View\View->CodeIgniter\View\{closure}()
 3 SYSTEMPATH\View\View.php(429): CodeIgniter\View\View->render('layout/navbar', null, true)
 4 APPPATH\Views\layout\template.php(20): CodeIgniter\View\View->include('layout/navbar')
 5 SYSTEMPATH\View\View.php(213): include('APPPATH\\Views\\layout\\template.php')
 6 SYSTEMPATH\View\View.php(216): CodeIgniter\View\View->CodeIgniter\View\{closure}()
 7 SYSTEMPATH\View\View.php(229): CodeIgniter\View\View->render('layout/template', [], true)
 8 SYSTEMPATH\Common.php(1135): CodeIgniter\View\View->render('pages/hero', [], true)
 9 APPPATH\Controllers\Home.php(13): view('pages/hero', [...])
10 SYSTEMPATH\CodeIgniter.php(896): App\Controllers\Home->index()
11 SYSTEMPATH\CodeIgniter.php(466): CodeIgniter\CodeIgniter->runController(Object(App\Controllers\Home))
12 SYSTEMPATH\CodeIgniter.php(349): CodeIgniter\CodeIgniter->handleRequest(null, Object(Config\Cache), false)
13 FCPATH\index.php(55): CodeIgniter\CodeIgniter->run()
14 SYSTEMPATH\Commands\Server\rewrite.php(43): require_once('FCPATH\\index.php')
CRITICAL - 2022-08-09 15:33:29 --> Call to undefined method CodeIgniter\View\View::current_url()
in APPPATH\Views\layout\navbar.php on line 17.
 1 SYSTEMPATH\View\View.php(213): include()
 2 SYSTEMPATH\View\View.php(216): CodeIgniter\View\View->CodeIgniter\View\{closure}()
 3 SYSTEMPATH\View\View.php(429): CodeIgniter\View\View->render('layout/navbar', null, true)
 4 APPPATH\Views\layout\template.php(20): CodeIgniter\View\View->include('layout/navbar')
 5 SYSTEMPATH\View\View.php(213): include('APPPATH\\Views\\layout\\template.php')
 6 SYSTEMPATH\View\View.php(216): CodeIgniter\View\View->CodeIgniter\View\{closure}()
 7 SYSTEMPATH\View\View.php(229): CodeIgniter\View\View->render('layout/template', [], true)
 8 SYSTEMPATH\Common.php(1135): CodeIgniter\View\View->render('pages/hero', [], true)
 9 APPPATH\Controllers\Home.php(13): view('pages/hero', [...])
10 SYSTEMPATH\CodeIgniter.php(896): App\Controllers\Home->index()
11 SYSTEMPATH\CodeIgniter.php(466): CodeIgniter\CodeIgniter->runController(Object(App\Controllers\Home))
12 SYSTEMPATH\CodeIgniter.php(349): CodeIgniter\CodeIgniter->handleRequest(null, Object(Config\Cache), false)
13 FCPATH\index.php(55): CodeIgniter\CodeIgniter->run()
14 SYSTEMPATH\Commands\Server\rewrite.php(43): require_once('FCPATH\\index.php')
CRITICAL - 2022-08-09 15:33:30 --> Call to undefined method CodeIgniter\View\View::current_url()
in APPPATH\Views\layout\navbar.php on line 17.
 1 SYSTEMPATH\View\View.php(213): include()
 2 SYSTEMPATH\View\View.php(216): CodeIgniter\View\View->CodeIgniter\View\{closure}()
 3 SYSTEMPATH\View\View.php(429): CodeIgniter\View\View->render('layout/navbar', null, true)
 4 APPPATH\Views\layout\template.php(20): CodeIgniter\View\View->include('layout/navbar')
 5 SYSTEMPATH\View\View.php(213): include('APPPATH\\Views\\layout\\template.php')
 6 SYSTEMPATH\View\View.php(216): CodeIgniter\View\View->CodeIgniter\View\{closure}()
 7 SYSTEMPATH\View\View.php(229): CodeIgniter\View\View->render('layout/template', [], true)
 8 SYSTEMPATH\Common.php(1135): CodeIgniter\View\View->render('pages/hero', [], true)
 9 APPPATH\Controllers\Home.php(13): view('pages/hero', [...])
10 SYSTEMPATH\CodeIgniter.php(896): App\Controllers\Home->index()
11 SYSTEMPATH\CodeIgniter.php(466): CodeIgniter\CodeIgniter->runController(Object(App\Controllers\Home))
12 SYSTEMPATH\CodeIgniter.php(349): CodeIgniter\CodeIgniter->handleRequest(null, Object(Config\Cache), false)
13 FCPATH\index.php(55): CodeIgniter\CodeIgniter->run()
14 SYSTEMPATH\Commands\Server\rewrite.php(43): require_once('FCPATH\\index.php')
CRITICAL - 2022-08-09 15:33:31 --> Call to undefined method CodeIgniter\View\View::current_url()
in APPPATH\Views\layout\navbar.php on line 17.
 1 SYSTEMPATH\View\View.php(213): include()
 2 SYSTEMPATH\View\View.php(216): CodeIgniter\View\View->CodeIgniter\View\{closure}()
 3 SYSTEMPATH\View\View.php(429): CodeIgniter\View\View->render('layout/navbar', null, true)
 4 APPPATH\Views\layout\template.php(20): CodeIgniter\View\View->include('layout/navbar')
 5 SYSTEMPATH\View\View.php(213): include('APPPATH\\Views\\layout\\template.php')
 6 SYSTEMPATH\View\View.php(216): CodeIgniter\View\View->CodeIgniter\View\{closure}()
 7 SYSTEMPATH\View\View.php(229): CodeIgniter\View\View->render('layout/template', [], true)
 8 SYSTEMPATH\Common.php(1135): CodeIgniter\View\View->render('pages/hero', [], true)
 9 APPPATH\Controllers\Home.php(13): view('pages/hero', [...])
10 SYSTEMPATH\CodeIgniter.php(896): App\Controllers\Home->index()
11 SYSTEMPATH\CodeIgniter.php(466): CodeIgniter\CodeIgniter->runController(Object(App\Controllers\Home))
12 SYSTEMPATH\CodeIgniter.php(349): CodeIgniter\CodeIgniter->handleRequest(null, Object(Config\Cache), false)
13 FCPATH\index.php(55): CodeIgniter\CodeIgniter->run()
14 SYSTEMPATH\Commands\Server\rewrite.php(43): require_once('FCPATH\\index.php')
CRITICAL - 2022-08-09 15:35:12 --> Call to undefined method CodeIgniter\View\View::site_url()
in APPPATH\Views\layout\navbar.php on line 17.
 1 SYSTEMPATH\View\View.php(213): include()
 2 SYSTEMPATH\View\View.php(216): CodeIgniter\View\View->CodeIgniter\View\{closure}()
 3 SYSTEMPATH\View\View.php(429): CodeIgniter\View\View->render('layout/navbar', null, true)
 4 APPPATH\Views\layout\template.php(20): CodeIgniter\View\View->include('layout/navbar')
 5 SYSTEMPATH\View\View.php(213): include('APPPATH\\Views\\layout\\template.php')
 6 SYSTEMPATH\View\View.php(216): CodeIgniter\View\View->CodeIgniter\View\{closure}()
 7 SYSTEMPATH\View\View.php(229): CodeIgniter\View\View->render('layout/template', [], true)
 8 SYSTEMPATH\Common.php(1135): CodeIgniter\View\View->render('pages/hero', [], true)
 9 APPPATH\Controllers\Home.php(13): view('pages/hero', [...])
10 SYSTEMPATH\CodeIgniter.php(896): App\Controllers\Home->index()
11 SYSTEMPATH\CodeIgniter.php(466): CodeIgniter\CodeIgniter->runController(Object(App\Controllers\Home))
12 SYSTEMPATH\CodeIgniter.php(349): CodeIgniter\CodeIgniter->handleRequest(null, Object(Config\Cache), false)
13 FCPATH\index.php(55): CodeIgniter\CodeIgniter->run()
14 SYSTEMPATH\Commands\Server\rewrite.php(43): require_once('FCPATH\\index.php')
