CRITICAL - 2022-07-15 23:38:07 --> Trying to access array offset on value of type null
in APPPATH\Views\comic\detail.php on line 11.
 1 APPPATH\Views\comic\detail.php(11): CodeIgniter\Debug\Exceptions->errorHandler(2, 'Trying to access array offset on value of type null', 'APPPATH\\Views\\comic\\detail.php', 11)
 2 SYSTEMPATH\View\View.php(213): include('APPPATH\\Views\\comic\\detail.php')
 3 SYSTEMPATH\View\View.php(216): CodeIgniter\View\View->CodeIgniter\View\{closure}()
 4 SYSTEMPATH\Common.php(1135): CodeIgniter\View\View->render('comic/detail', [], true)
 5 APPPATH\Controllers\Comics.php(34): view('comic/detail', [...])
 6 SYSTEMPATH\CodeIgniter.php(896): App\Controllers\Comics->detail('FCPATH\\css', 'style.css')
 7 SYSTEMPATH\CodeIgniter.php(466): CodeIgniter\CodeIgniter->runController(Object(App\Controllers\Comics))
 8 SYSTEMPATH\CodeIgniter.php(349): CodeIgniter\CodeIgniter->handleRequest(null, Object(Config\Cache), false)
 9 FCPATH\index.php(55): CodeIgniter\CodeIgniter->run()
10 SYSTEMPATH\Commands\Server\rewrite.php(43): require_once('FCPATH\\index.php')
CRITICAL - 2022-07-15 23:38:33 --> Trying to access array offset on value of type null
in APPPATH\Views\comic\detail.php on line 11.
 1 APPPATH\Views\comic\detail.php(11): CodeIgniter\Debug\Exceptions->errorHandler(2, 'Trying to access array offset on value of type null', 'APPPATH\\Views\\comic\\detail.php', 11)
 2 SYSTEMPATH\View\View.php(213): include('APPPATH\\Views\\comic\\detail.php')
 3 SYSTEMPATH\View\View.php(216): CodeIgniter\View\View->CodeIgniter\View\{closure}()
 4 SYSTEMPATH\Common.php(1135): CodeIgniter\View\View->render('comic/detail', [], true)
 5 APPPATH\Controllers\Comics.php(34): view('comic/detail', [...])
 6 SYSTEMPATH\CodeIgniter.php(896): App\Controllers\Comics->detail('FCPATH\\css', 'style.css')
 7 SYSTEMPATH\CodeIgniter.php(466): CodeIgniter\CodeIgniter->runController(Object(App\Controllers\Comics))
 8 SYSTEMPATH\CodeIgniter.php(349): CodeIgniter\CodeIgniter->handleRequest(null, Object(Config\Cache), false)
 9 FCPATH\index.php(55): CodeIgniter\CodeIgniter->run()
10 SYSTEMPATH\Commands\Server\rewrite.php(43): require_once('FCPATH\\index.php')
CRITICAL - 2022-07-15 23:39:28 --> Trying to access array offset on value of type null
in APPPATH\Views\comic\detail.php on line 11.
 1 APPPATH\Views\comic\detail.php(11): CodeIgniter\Debug\Exceptions->errorHandler(2, 'Trying to access array offset on value of type null', 'APPPATH\\Views\\comic\\detail.php', 11)
 2 SYSTEMPATH\View\View.php(213): include('APPPATH\\Views\\comic\\detail.php')
 3 SYSTEMPATH\View\View.php(216): CodeIgniter\View\View->CodeIgniter\View\{closure}()
 4 SYSTEMPATH\Common.php(1135): CodeIgniter\View\View->render('comic/detail', [], true)
 5 APPPATH\Controllers\Comics.php(34): view('comic/detail', [...])
 6 SYSTEMPATH\CodeIgniter.php(896): App\Controllers\Comics->detail('FCPATH\\css', 'style.css')
 7 SYSTEMPATH\CodeIgniter.php(466): CodeIgniter\CodeIgniter->runController(Object(App\Controllers\Comics))
 8 SYSTEMPATH\CodeIgniter.php(349): CodeIgniter\CodeIgniter->handleRequest(null, Object(Config\Cache), false)
 9 FCPATH\index.php(55): CodeIgniter\CodeIgniter->run()
10 SYSTEMPATH\Commands\Server\rewrite.php(43): require_once('FCPATH\\index.php')
CRITICAL - 2022-07-15 23:41:56 --> Trying to access array offset on value of type null
in APPPATH\Views\comic\detail.php on line 11.
 1 APPPATH\Views\comic\detail.php(11): CodeIgniter\Debug\Exceptions->errorHandler(2, 'Trying to access array offset on value of type null', 'APPPATH\\Views\\comic\\detail.php', 11)
 2 SYSTEMPATH\View\View.php(213): include('APPPATH\\Views\\comic\\detail.php')
 3 SYSTEMPATH\View\View.php(216): CodeIgniter\View\View->CodeIgniter\View\{closure}()
 4 SYSTEMPATH\Common.php(1135): CodeIgniter\View\View->render('comic/detail', [], true)
 5 APPPATH\Controllers\Comics.php(34): view('comic/detail', [...])
 6 SYSTEMPATH\CodeIgniter.php(896): App\Controllers\Comics->detail('FCPATH\\css', 'style.css')
 7 SYSTEMPATH\CodeIgniter.php(466): CodeIgniter\CodeIgniter->runController(Object(App\Controllers\Comics))
 8 SYSTEMPATH\CodeIgniter.php(349): CodeIgniter\CodeIgniter->handleRequest(null, Object(Config\Cache), false)
 9 FCPATH\index.php(55): CodeIgniter\CodeIgniter->run()
10 SYSTEMPATH\Commands\Server\rewrite.php(43): require_once('FCPATH\\index.php')
CRITICAL - 2022-07-15 23:42:09 --> Trying to access array offset on value of type null
in APPPATH\Views\comic\detail.php on line 11.
 1 APPPATH\Views\comic\detail.php(11): CodeIgniter\Debug\Exceptions->errorHandler(2, 'Trying to access array offset on value of type null', 'APPPATH\\Views\\comic\\detail.php', 11)
 2 SYSTEMPATH\View\View.php(213): include('APPPATH\\Views\\comic\\detail.php')
 3 SYSTEMPATH\View\View.php(216): CodeIgniter\View\View->CodeIgniter\View\{closure}()
 4 SYSTEMPATH\Common.php(1135): CodeIgniter\View\View->render('comic/detail', [], true)
 5 APPPATH\Controllers\Comics.php(34): view('comic/detail', [...])
 6 SYSTEMPATH\CodeIgniter.php(896): App\Controllers\Comics->detail('FCPATH\\css', 'style.css')
 7 SYSTEMPATH\CodeIgniter.php(466): CodeIgniter\CodeIgniter->runController(Object(App\Controllers\Comics))
 8 SYSTEMPATH\CodeIgniter.php(349): CodeIgniter\CodeIgniter->handleRequest(null, Object(Config\Cache), false)
 9 FCPATH\index.php(55): CodeIgniter\CodeIgniter->run()
10 SYSTEMPATH\Commands\Server\rewrite.php(43): require_once('FCPATH\\index.php')
CRITICAL - 2022-07-15 23:42:28 --> Trying to access array offset on value of type null
in APPPATH\Views\comic\detail.php on line 11.
 1 APPPATH\Views\comic\detail.php(11): CodeIgniter\Debug\Exceptions->errorHandler(2, 'Trying to access array offset on value of type null', 'APPPATH\\Views\\comic\\detail.php', 11)
 2 SYSTEMPATH\View\View.php(213): include('APPPATH\\Views\\comic\\detail.php')
 3 SYSTEMPATH\View\View.php(216): CodeIgniter\View\View->CodeIgniter\View\{closure}()
 4 SYSTEMPATH\Common.php(1135): CodeIgniter\View\View->render('comic/detail', [], true)
 5 APPPATH\Controllers\Comics.php(34): view('comic/detail', [...])
 6 SYSTEMPATH\CodeIgniter.php(896): App\Controllers\Comics->detail('FCPATH\\css', 'style.css')
 7 SYSTEMPATH\CodeIgniter.php(466): CodeIgniter\CodeIgniter->runController(Object(App\Controllers\Comics))
 8 SYSTEMPATH\CodeIgniter.php(349): CodeIgniter\CodeIgniter->handleRequest(null, Object(Config\Cache), false)
 9 FCPATH\index.php(55): CodeIgniter\CodeIgniter->run()
10 SYSTEMPATH\Commands\Server\rewrite.php(43): require_once('FCPATH\\index.php')
CRITICAL - 2022-07-15 23:42:41 --> Trying to access array offset on value of type null
in APPPATH\Views\comic\detail.php on line 11.
 1 APPPATH\Views\comic\detail.php(11): CodeIgniter\Debug\Exceptions->errorHandler(2, 'Trying to access array offset on value of type null', 'APPPATH\\Views\\comic\\detail.php', 11)
 2 SYSTEMPATH\View\View.php(213): include('APPPATH\\Views\\comic\\detail.php')
 3 SYSTEMPATH\View\View.php(216): CodeIgniter\View\View->CodeIgniter\View\{closure}()
 4 SYSTEMPATH\Common.php(1135): CodeIgniter\View\View->render('comic/detail', [], true)
 5 APPPATH\Controllers\Comics.php(34): view('comic/detail', [...])
 6 SYSTEMPATH\CodeIgniter.php(896): App\Controllers\Comics->detail('FCPATH\\css', 'style.css')
 7 SYSTEMPATH\CodeIgniter.php(466): CodeIgniter\CodeIgniter->runController(Object(App\Controllers\Comics))
 8 SYSTEMPATH\CodeIgniter.php(349): CodeIgniter\CodeIgniter->handleRequest(null, Object(Config\Cache), false)
 9 FCPATH\index.php(55): CodeIgniter\CodeIgniter->run()
10 SYSTEMPATH\Commands\Server\rewrite.php(43): require_once('FCPATH\\index.php')
CRITICAL - 2022-07-15 23:44:45 --> Trying to access array offset on value of type null
in APPPATH\Views\comic\detail.php on line 11.
 1 APPPATH\Views\comic\detail.php(11): CodeIgniter\Debug\Exceptions->errorHandler(2, 'Trying to access array offset on value of type null', 'APPPATH\\Views\\comic\\detail.php', 11)
 2 SYSTEMPATH\View\View.php(213): include('APPPATH\\Views\\comic\\detail.php')
 3 SYSTEMPATH\View\View.php(216): CodeIgniter\View\View->CodeIgniter\View\{closure}()
 4 SYSTEMPATH\Common.php(1135): CodeIgniter\View\View->render('comic/detail', [], true)
 5 APPPATH\Controllers\Comics.php(34): view('comic/detail', [...])
 6 SYSTEMPATH\CodeIgniter.php(896): App\Controllers\Comics->detail('FCPATH\\css', 'style.css')
 7 SYSTEMPATH\CodeIgniter.php(466): CodeIgniter\CodeIgniter->runController(Object(App\Controllers\Comics))
 8 SYSTEMPATH\CodeIgniter.php(349): CodeIgniter\CodeIgniter->handleRequest(null, Object(Config\Cache), false)
 9 FCPATH\index.php(55): CodeIgniter\CodeIgniter->run()
10 SYSTEMPATH\Commands\Server\rewrite.php(43): require_once('FCPATH\\index.php')
CRITICAL - 2022-07-15 23:45:11 --> Trying to access array offset on value of type null
in APPPATH\Views\comic\detail.php on line 11.
 1 APPPATH\Views\comic\detail.php(11): CodeIgniter\Debug\Exceptions->errorHandler(2, 'Trying to access array offset on value of type null', 'APPPATH\\Views\\comic\\detail.php', 11)
 2 SYSTEMPATH\View\View.php(213): include('APPPATH\\Views\\comic\\detail.php')
 3 SYSTEMPATH\View\View.php(216): CodeIgniter\View\View->CodeIgniter\View\{closure}()
 4 SYSTEMPATH\Common.php(1135): CodeIgniter\View\View->render('comic/detail', [], true)
 5 APPPATH\Controllers\Comics.php(34): view('comic/detail', [...])
 6 SYSTEMPATH\CodeIgniter.php(896): App\Controllers\Comics->detail('FCPATH\\css', 'style.css')
 7 SYSTEMPATH\CodeIgniter.php(466): CodeIgniter\CodeIgniter->runController(Object(App\Controllers\Comics))
 8 SYSTEMPATH\CodeIgniter.php(349): CodeIgniter\CodeIgniter->handleRequest(null, Object(Config\Cache), false)
 9 FCPATH\index.php(55): CodeIgniter\CodeIgniter->run()
10 SYSTEMPATH\Commands\Server\rewrite.php(43): require_once('FCPATH\\index.php')
CRITICAL - 2022-07-15 23:55:58 --> Trying to access array offset on value of type null
in APPPATH\Views\comic\detail.php on line 11.
 1 APPPATH\Views\comic\detail.php(11): CodeIgniter\Debug\Exceptions->errorHandler(2, 'Trying to access array offset on value of type null', 'APPPATH\\Views\\comic\\detail.php', 11)
 2 SYSTEMPATH\View\View.php(213): include('APPPATH\\Views\\comic\\detail.php')
 3 SYSTEMPATH\View\View.php(216): CodeIgniter\View\View->CodeIgniter\View\{closure}()
 4 SYSTEMPATH\Common.php(1135): CodeIgniter\View\View->render('comic/detail', [], true)
 5 APPPATH\Controllers\Comics.php(34): view('comic/detail', [...])
 6 SYSTEMPATH\CodeIgniter.php(896): App\Controllers\Comics->detail('FCPATH\\css', 'style.css')
 7 SYSTEMPATH\CodeIgniter.php(466): CodeIgniter\CodeIgniter->runController(Object(App\Controllers\Comics))
 8 SYSTEMPATH\CodeIgniter.php(349): CodeIgniter\CodeIgniter->handleRequest(null, Object(Config\Cache), false)
 9 FCPATH\index.php(55): CodeIgniter\CodeIgniter->run()
10 SYSTEMPATH\Commands\Server\rewrite.php(43): require_once('FCPATH\\index.php')
CRITICAL - 2022-07-15 23:56:01 --> Undefined variable $slug
in APPPATH\Controllers\Comics.php on line 106.
 1 APPPATH\Controllers\Comics.php(106): CodeIgniter\Debug\Exceptions->errorHandler(2, 'Undefined variable $slug', 'APPPATH\\Controllers\\Comics.php', 106)
 2 SYSTEMPATH\CodeIgniter.php(896): App\Controllers\Comics->edit('naruto')
 3 SYSTEMPATH\CodeIgniter.php(466): CodeIgniter\CodeIgniter->runController(Object(App\Controllers\Comics))
 4 SYSTEMPATH\CodeIgniter.php(349): CodeIgniter\CodeIgniter->handleRequest(null, Object(Config\Cache), false)
 5 FCPATH\index.php(55): CodeIgniter\CodeIgniter->run()
 6 SYSTEMPATH\Commands\Server\rewrite.php(43): require_once('FCPATH\\index.php')
CRITICAL - 2022-07-15 23:57:41 --> Trying to access array offset on value of type null
in APPPATH\Views\comic\detail.php on line 11.
 1 APPPATH\Views\comic\detail.php(11): CodeIgniter\Debug\Exceptions->errorHandler(2, 'Trying to access array offset on value of type null', 'APPPATH\\Views\\comic\\detail.php', 11)
 2 SYSTEMPATH\View\View.php(213): include('APPPATH\\Views\\comic\\detail.php')
 3 SYSTEMPATH\View\View.php(216): CodeIgniter\View\View->CodeIgniter\View\{closure}()
 4 SYSTEMPATH\Common.php(1135): CodeIgniter\View\View->render('comic/detail', [], true)
 5 APPPATH\Controllers\Comics.php(34): view('comic/detail', [...])
 6 SYSTEMPATH\CodeIgniter.php(896): App\Controllers\Comics->detail('edit', 'FCPATH\\css', 'style.css')
 7 SYSTEMPATH\CodeIgniter.php(466): CodeIgniter\CodeIgniter->runController(Object(App\Controllers\Comics))
 8 SYSTEMPATH\CodeIgniter.php(349): CodeIgniter\CodeIgniter->handleRequest(null, Object(Config\Cache), false)
 9 FCPATH\index.php(55): CodeIgniter\CodeIgniter->run()
10 SYSTEMPATH\Commands\Server\rewrite.php(43): require_once('FCPATH\\index.php')
