CRITICAL - 2022-08-08 18:40:23 --> Undefined variable $title
in APPPATH\Views\layout\template.php on line 11.
 1 APPPATH\Views\layout\template.php(11): CodeIgniter\Debug\Exceptions->errorHandler(2, 'Undefined variable $title', 'APPPATH\\Views\\layout\\template.php', 11)
 2 SYSTEMPATH\View\View.php(213): include('APPPATH\\Views\\layout\\template.php')
 3 SYSTEMPATH\View\View.php(216): CodeIgniter\View\View->CodeIgniter\View\{closure}()
 4 SYSTEMPATH\View\View.php(229): CodeIgniter\View\View->render('layout/template', [], true)
 5 SYSTEMPATH\Common.php(1135): CodeIgniter\View\View->render('pages/hero', [], true)
 6 APPPATH\Controllers\Home.php(9): view('pages/hero')
 7 SYSTEMPATH\CodeIgniter.php(896): App\Controllers\Home->index()
 8 SYSTEMPATH\CodeIgniter.php(466): CodeIgniter\CodeIgniter->runController(Object(App\Controllers\Home))
 9 SYSTEMPATH\CodeIgniter.php(349): CodeIgniter\CodeIgniter->handleRequest(null, Object(Config\Cache), false)
10 FCPATH\index.php(55): CodeIgniter\CodeIgniter->run()
11 SYSTEMPATH\Commands\Server\rewrite.php(43): require_once('FCPATH\\index.php')
CRITICAL - 2022-08-08 18:41:05 --> Undefined variable $title
in APPPATH\Views\layout\template.php on line 11.
 1 APPPATH\Views\layout\template.php(11): CodeIgniter\Debug\Exceptions->errorHandler(2, 'Undefined variable $title', 'APPPATH\\Views\\layout\\template.php', 11)
 2 SYSTEMPATH\View\View.php(213): include('APPPATH\\Views\\layout\\template.php')
 3 SYSTEMPATH\View\View.php(216): CodeIgniter\View\View->CodeIgniter\View\{closure}()
 4 SYSTEMPATH\View\View.php(229): CodeIgniter\View\View->render('layout/template', [], true)
 5 SYSTEMPATH\Common.php(1135): CodeIgniter\View\View->render('pages/hero', [], true)
 6 APPPATH\Controllers\Home.php(12): view('pages/hero')
 7 SYSTEMPATH\CodeIgniter.php(896): App\Controllers\Home->index()
 8 SYSTEMPATH\CodeIgniter.php(466): CodeIgniter\CodeIgniter->runController(Object(App\Controllers\Home))
 9 SYSTEMPATH\CodeIgniter.php(349): CodeIgniter\CodeIgniter->handleRequest(null, Object(Config\Cache), false)
10 FCPATH\index.php(55): CodeIgniter\CodeIgniter->run()
11 SYSTEMPATH\Commands\Server\rewrite.php(43): require_once('FCPATH\\index.php')
CRITICAL - 2022-08-08 18:41:09 --> Undefined variable $title
in APPPATH\Views\layout\template.php on line 11.
 1 APPPATH\Views\layout\template.php(11): CodeIgniter\Debug\Exceptions->errorHandler(2, 'Undefined variable $title', 'APPPATH\\Views\\layout\\template.php', 11)
 2 SYSTEMPATH\View\View.php(213): include('APPPATH\\Views\\layout\\template.php')
 3 SYSTEMPATH\View\View.php(216): CodeIgniter\View\View->CodeIgniter\View\{closure}()
 4 SYSTEMPATH\View\View.php(229): CodeIgniter\View\View->render('layout/template', [], true)
 5 SYSTEMPATH\Common.php(1135): CodeIgniter\View\View->render('pages/hero', [], true)
 6 APPPATH\Controllers\Home.php(12): view('pages/hero')
 7 SYSTEMPATH\CodeIgniter.php(896): App\Controllers\Home->index()
 8 SYSTEMPATH\CodeIgniter.php(466): CodeIgniter\CodeIgniter->runController(Object(App\Controllers\Home))
 9 SYSTEMPATH\CodeIgniter.php(349): CodeIgniter\CodeIgniter->handleRequest(null, Object(Config\Cache), false)
10 FCPATH\index.php(55): CodeIgniter\CodeIgniter->run()
11 SYSTEMPATH\Commands\Server\rewrite.php(43): require_once('FCPATH\\index.php')
CRITICAL - 2022-08-08 18:41:12 --> Undefined variable $title
in APPPATH\Views\layout\template.php on line 11.
 1 APPPATH\Views\layout\template.php(11): CodeIgniter\Debug\Exceptions->errorHandler(2, 'Undefined variable $title', 'APPPATH\\Views\\layout\\template.php', 11)
 2 SYSTEMPATH\View\View.php(213): include('APPPATH\\Views\\layout\\template.php')
 3 SYSTEMPATH\View\View.php(216): CodeIgniter\View\View->CodeIgniter\View\{closure}()
 4 SYSTEMPATH\View\View.php(229): CodeIgniter\View\View->render('layout/template', [], true)
 5 SYSTEMPATH\Common.php(1135): CodeIgniter\View\View->render('pages/hero', [], true)
 6 APPPATH\Controllers\Home.php(12): view('pages/hero')
 7 SYSTEMPATH\CodeIgniter.php(896): App\Controllers\Home->index()
 8 SYSTEMPATH\CodeIgniter.php(466): CodeIgniter\CodeIgniter->runController(Object(App\Controllers\Home))
 9 SYSTEMPATH\CodeIgniter.php(349): CodeIgniter\CodeIgniter->handleRequest(null, Object(Config\Cache), false)
10 FCPATH\index.php(55): CodeIgniter\CodeIgniter->run()
11 SYSTEMPATH\Commands\Server\rewrite.php(43): require_once('FCPATH\\index.php')
CRITICAL - 2022-08-08 19:38:27 --> syntax error, unexpected token ";"
in APPPATH\Views\layout\template.php on line 18.
 1 SYSTEMPATH\View\View.php(216): CodeIgniter\View\View->CodeIgniter\View\{closure}()
 2 SYSTEMPATH\View\View.php(229): CodeIgniter\View\View->render('layout/template', [], true)
 3 SYSTEMPATH\Common.php(1135): CodeIgniter\View\View->render('pages/hero', [], true)
 4 APPPATH\Controllers\Home.php(12): view('pages/hero', [...])
 5 SYSTEMPATH\CodeIgniter.php(896): App\Controllers\Home->index()
 6 SYSTEMPATH\CodeIgniter.php(466): CodeIgniter\CodeIgniter->runController(Object(App\Controllers\Home))
 7 SYSTEMPATH\CodeIgniter.php(349): CodeIgniter\CodeIgniter->handleRequest(null, Object(Config\Cache), false)
 8 FCPATH\index.php(55): CodeIgniter\CodeIgniter->run()
 9 SYSTEMPATH\Commands\Server\rewrite.php(43): require_once('FCPATH\\index.php')
