CRITICAL - 2022-07-16 00:02:52 --> Trying to access array offset on value of type null
in APPPATH\Views\comic\detail.php on line 11.
 1 APPPATH\Views\comic\detail.php(11): CodeIgniter\Debug\Exceptions->errorHandler(2, 'Trying to access array offset on value of type null', 'APPPATH\\Views\\comic\\detail.php', 11)
 2 SYSTEMPATH\View\View.php(213): include('APPPATH\\Views\\comic\\detail.php')
 3 SYSTEMPATH\View\View.php(216): CodeIgniter\View\View->CodeIgniter\View\{closure}()
 4 SYSTEMPATH\Common.php(1135): CodeIgniter\View\View->render('comic/detail', [], true)
 5 APPPATH\Controllers\Comics.php(34): view('comic/detail', [...])
 6 SYSTEMPATH\CodeIgniter.php(896): App\Controllers\Comics->detail('FCPATH\\css', 'style.css')
 7 SYSTEMPATH\CodeIgniter.php(466): CodeIgniter\CodeIgniter->runController(Object(App\Controllers\Comics))
 8 SYSTEMPATH\CodeIgniter.php(349): CodeIgniter\CodeIgniter->handleRequest(null, Object(Config\Cache), false)
 9 FCPATH\index.php(55): CodeIgniter\CodeIgniter->run()
10 SYSTEMPATH\Commands\Server\rewrite.php(43): require_once('FCPATH\\index.php')
CRITICAL - 2022-07-16 00:02:56 --> Trying to access array offset on value of type null
in APPPATH\Views\comic\detail.php on line 11.
 1 APPPATH\Views\comic\detail.php(11): CodeIgniter\Debug\Exceptions->errorHandler(2, 'Trying to access array offset on value of type null', 'APPPATH\\Views\\comic\\detail.php', 11)
 2 SYSTEMPATH\View\View.php(213): include('APPPATH\\Views\\comic\\detail.php')
 3 SYSTEMPATH\View\View.php(216): CodeIgniter\View\View->CodeIgniter\View\{closure}()
 4 SYSTEMPATH\Common.php(1135): CodeIgniter\View\View->render('comic/detail', [], true)
 5 APPPATH\Controllers\Comics.php(34): view('comic/detail', [...])
 6 SYSTEMPATH\CodeIgniter.php(896): App\Controllers\Comics->detail('edit', 'FCPATH\\css', 'style.css')
 7 SYSTEMPATH\CodeIgniter.php(466): CodeIgniter\CodeIgniter->runController(Object(App\Controllers\Comics))
 8 SYSTEMPATH\CodeIgniter.php(349): CodeIgniter\CodeIgniter->handleRequest(null, Object(Config\Cache), false)
 9 FCPATH\index.php(55): CodeIgniter\CodeIgniter->run()
10 SYSTEMPATH\Commands\Server\rewrite.php(43): require_once('FCPATH\\index.php')
CRITICAL - 2022-07-16 00:09:05 --> Trying to access array offset on value of type null
in APPPATH\Views\comic\detail.php on line 11.
 1 APPPATH\Views\comic\detail.php(11): CodeIgniter\Debug\Exceptions->errorHandler(2, 'Trying to access array offset on value of type null', 'APPPATH\\Views\\comic\\detail.php', 11)
 2 SYSTEMPATH\View\View.php(213): include('APPPATH\\Views\\comic\\detail.php')
 3 SYSTEMPATH\View\View.php(216): CodeIgniter\View\View->CodeIgniter\View\{closure}()
 4 SYSTEMPATH\Common.php(1135): CodeIgniter\View\View->render('comic/detail', [], true)
 5 APPPATH\Controllers\Comics.php(34): view('comic/detail', [...])
 6 SYSTEMPATH\CodeIgniter.php(896): App\Controllers\Comics->detail('edit', 'FCPATH\\css', 'style.css')
 7 SYSTEMPATH\CodeIgniter.php(466): CodeIgniter\CodeIgniter->runController(Object(App\Controllers\Comics))
 8 SYSTEMPATH\CodeIgniter.php(349): CodeIgniter\CodeIgniter->handleRequest(null, Object(Config\Cache), false)
 9 FCPATH\index.php(55): CodeIgniter\CodeIgniter->run()
10 SYSTEMPATH\Commands\Server\rewrite.php(43): require_once('FCPATH\\index.php')
CRITICAL - 2022-07-16 00:15:56 --> Trying to access array offset on value of type null
in APPPATH\Views\comic\detail.php on line 11.
 1 APPPATH\Views\comic\detail.php(11): CodeIgniter\Debug\Exceptions->errorHandler(2, 'Trying to access array offset on value of type null', 'APPPATH\\Views\\comic\\detail.php', 11)
 2 SYSTEMPATH\View\View.php(213): include('APPPATH\\Views\\comic\\detail.php')
 3 SYSTEMPATH\View\View.php(216): CodeIgniter\View\View->CodeIgniter\View\{closure}()
 4 SYSTEMPATH\Common.php(1135): CodeIgniter\View\View->render('comic/detail', [], true)
 5 APPPATH\Controllers\Comics.php(34): view('comic/detail', [...])
 6 SYSTEMPATH\CodeIgniter.php(896): App\Controllers\Comics->detail('edit', 'FCPATH\\css', 'style.css')
 7 SYSTEMPATH\CodeIgniter.php(466): CodeIgniter\CodeIgniter->runController(Object(App\Controllers\Comics))
 8 SYSTEMPATH\CodeIgniter.php(349): CodeIgniter\CodeIgniter->handleRequest(null, Object(Config\Cache), false)
 9 FCPATH\index.php(55): CodeIgniter\CodeIgniter->run()
10 SYSTEMPATH\Commands\Server\rewrite.php(43): require_once('FCPATH\\index.php')
CRITICAL - 2022-07-16 00:19:56 --> Trying to access array offset on value of type null
in APPPATH\Views\comic\detail.php on line 11.
 1 APPPATH\Views\comic\detail.php(11): CodeIgniter\Debug\Exceptions->errorHandler(2, 'Trying to access array offset on value of type null', 'APPPATH\\Views\\comic\\detail.php', 11)
 2 SYSTEMPATH\View\View.php(213): include('APPPATH\\Views\\comic\\detail.php')
 3 SYSTEMPATH\View\View.php(216): CodeIgniter\View\View->CodeIgniter\View\{closure}()
 4 SYSTEMPATH\Common.php(1135): CodeIgniter\View\View->render('comic/detail', [], true)
 5 APPPATH\Controllers\Comics.php(34): view('comic/detail', [...])
 6 SYSTEMPATH\CodeIgniter.php(896): App\Controllers\Comics->detail('edit', 'FCPATH\\css', 'style.css')
 7 SYSTEMPATH\CodeIgniter.php(466): CodeIgniter\CodeIgniter->runController(Object(App\Controllers\Comics))
 8 SYSTEMPATH\CodeIgniter.php(349): CodeIgniter\CodeIgniter->handleRequest(null, Object(Config\Cache), false)
 9 FCPATH\index.php(55): CodeIgniter\CodeIgniter->run()
10 SYSTEMPATH\Commands\Server\rewrite.php(43): require_once('FCPATH\\index.php')
CRITICAL - 2022-07-16 00:20:02 --> Trying to access array offset on value of type null
in APPPATH\Views\comic\detail.php on line 11.
 1 APPPATH\Views\comic\detail.php(11): CodeIgniter\Debug\Exceptions->errorHandler(2, 'Trying to access array offset on value of type null', 'APPPATH\\Views\\comic\\detail.php', 11)
 2 SYSTEMPATH\View\View.php(213): include('APPPATH\\Views\\comic\\detail.php')
 3 SYSTEMPATH\View\View.php(216): CodeIgniter\View\View->CodeIgniter\View\{closure}()
 4 SYSTEMPATH\Common.php(1135): CodeIgniter\View\View->render('comic/detail', [], true)
 5 APPPATH\Controllers\Comics.php(34): view('comic/detail', [...])
 6 SYSTEMPATH\CodeIgniter.php(896): App\Controllers\Comics->detail('FCPATH\\css', 'style.css')
 7 SYSTEMPATH\CodeIgniter.php(466): CodeIgniter\CodeIgniter->runController(Object(App\Controllers\Comics))
 8 SYSTEMPATH\CodeIgniter.php(349): CodeIgniter\CodeIgniter->handleRequest(null, Object(Config\Cache), false)
 9 FCPATH\index.php(55): CodeIgniter\CodeIgniter->run()
10 SYSTEMPATH\Commands\Server\rewrite.php(43): require_once('FCPATH\\index.php')
CRITICAL - 2022-07-16 00:20:40 --> Trying to access array offset on value of type null
in APPPATH\Views\comic\detail.php on line 11.
 1 APPPATH\Views\comic\detail.php(11): CodeIgniter\Debug\Exceptions->errorHandler(2, 'Trying to access array offset on value of type null', 'APPPATH\\Views\\comic\\detail.php', 11)
 2 SYSTEMPATH\View\View.php(213): include('APPPATH\\Views\\comic\\detail.php')
 3 SYSTEMPATH\View\View.php(216): CodeIgniter\View\View->CodeIgniter\View\{closure}()
 4 SYSTEMPATH\Common.php(1135): CodeIgniter\View\View->render('comic/detail', [], true)
 5 APPPATH\Controllers\Comics.php(34): view('comic/detail', [...])
 6 SYSTEMPATH\CodeIgniter.php(896): App\Controllers\Comics->detail('FCPATH\\css', 'style.css')
 7 SYSTEMPATH\CodeIgniter.php(466): CodeIgniter\CodeIgniter->runController(Object(App\Controllers\Comics))
 8 SYSTEMPATH\CodeIgniter.php(349): CodeIgniter\CodeIgniter->handleRequest(null, Object(Config\Cache), false)
 9 FCPATH\index.php(55): CodeIgniter\CodeIgniter->run()
10 SYSTEMPATH\Commands\Server\rewrite.php(43): require_once('FCPATH\\index.php')
CRITICAL - 2022-07-16 00:20:48 --> Trying to access array offset on value of type null
in APPPATH\Views\comic\detail.php on line 11.
 1 APPPATH\Views\comic\detail.php(11): CodeIgniter\Debug\Exceptions->errorHandler(2, 'Trying to access array offset on value of type null', 'APPPATH\\Views\\comic\\detail.php', 11)
 2 SYSTEMPATH\View\View.php(213): include('APPPATH\\Views\\comic\\detail.php')
 3 SYSTEMPATH\View\View.php(216): CodeIgniter\View\View->CodeIgniter\View\{closure}()
 4 SYSTEMPATH\Common.php(1135): CodeIgniter\View\View->render('comic/detail', [], true)
 5 APPPATH\Controllers\Comics.php(34): view('comic/detail', [...])
 6 SYSTEMPATH\CodeIgniter.php(896): App\Controllers\Comics->detail('FCPATH\\css', 'style.css')
 7 SYSTEMPATH\CodeIgniter.php(466): CodeIgniter\CodeIgniter->runController(Object(App\Controllers\Comics))
 8 SYSTEMPATH\CodeIgniter.php(349): CodeIgniter\CodeIgniter->handleRequest(null, Object(Config\Cache), false)
 9 FCPATH\index.php(55): CodeIgniter\CodeIgniter->run()
10 SYSTEMPATH\Commands\Server\rewrite.php(43): require_once('FCPATH\\index.php')
CRITICAL - 2022-07-16 00:20:52 --> Trying to access array offset on value of type null
in APPPATH\Views\comic\detail.php on line 11.
 1 APPPATH\Views\comic\detail.php(11): CodeIgniter\Debug\Exceptions->errorHandler(2, 'Trying to access array offset on value of type null', 'APPPATH\\Views\\comic\\detail.php', 11)
 2 SYSTEMPATH\View\View.php(213): include('APPPATH\\Views\\comic\\detail.php')
 3 SYSTEMPATH\View\View.php(216): CodeIgniter\View\View->CodeIgniter\View\{closure}()
 4 SYSTEMPATH\Common.php(1135): CodeIgniter\View\View->render('comic/detail', [], true)
 5 APPPATH\Controllers\Comics.php(34): view('comic/detail', [...])
 6 SYSTEMPATH\CodeIgniter.php(896): App\Controllers\Comics->detail('FCPATH\\css', 'style.css')
 7 SYSTEMPATH\CodeIgniter.php(466): CodeIgniter\CodeIgniter->runController(Object(App\Controllers\Comics))
 8 SYSTEMPATH\CodeIgniter.php(349): CodeIgniter\CodeIgniter->handleRequest(null, Object(Config\Cache), false)
 9 FCPATH\index.php(55): CodeIgniter\CodeIgniter->run()
10 SYSTEMPATH\Commands\Server\rewrite.php(43): require_once('FCPATH\\index.php')
CRITICAL - 2022-07-16 00:20:58 --> Trying to access array offset on value of type null
in APPPATH\Views\comic\detail.php on line 11.
 1 APPPATH\Views\comic\detail.php(11): CodeIgniter\Debug\Exceptions->errorHandler(2, 'Trying to access array offset on value of type null', 'APPPATH\\Views\\comic\\detail.php', 11)
 2 SYSTEMPATH\View\View.php(213): include('APPPATH\\Views\\comic\\detail.php')
 3 SYSTEMPATH\View\View.php(216): CodeIgniter\View\View->CodeIgniter\View\{closure}()
 4 SYSTEMPATH\Common.php(1135): CodeIgniter\View\View->render('comic/detail', [], true)
 5 APPPATH\Controllers\Comics.php(34): view('comic/detail', [...])
 6 SYSTEMPATH\CodeIgniter.php(896): App\Controllers\Comics->detail('FCPATH\\css', 'style.css')
 7 SYSTEMPATH\CodeIgniter.php(466): CodeIgniter\CodeIgniter->runController(Object(App\Controllers\Comics))
 8 SYSTEMPATH\CodeIgniter.php(349): CodeIgniter\CodeIgniter->handleRequest(null, Object(Config\Cache), false)
 9 FCPATH\index.php(55): CodeIgniter\CodeIgniter->run()
10 SYSTEMPATH\Commands\Server\rewrite.php(43): require_once('FCPATH\\index.php')
CRITICAL - 2022-07-16 00:21:14 --> Trying to access array offset on value of type null
in APPPATH\Views\comic\detail.php on line 11.
 1 APPPATH\Views\comic\detail.php(11): CodeIgniter\Debug\Exceptions->errorHandler(2, 'Trying to access array offset on value of type null', 'APPPATH\\Views\\comic\\detail.php', 11)
 2 SYSTEMPATH\View\View.php(213): include('APPPATH\\Views\\comic\\detail.php')
 3 SYSTEMPATH\View\View.php(216): CodeIgniter\View\View->CodeIgniter\View\{closure}()
 4 SYSTEMPATH\Common.php(1135): CodeIgniter\View\View->render('comic/detail', [], true)
 5 APPPATH\Controllers\Comics.php(34): view('comic/detail', [...])
 6 SYSTEMPATH\CodeIgniter.php(896): App\Controllers\Comics->detail('edit', 'FCPATH\\css', 'style.css')
 7 SYSTEMPATH\CodeIgniter.php(466): CodeIgniter\CodeIgniter->runController(Object(App\Controllers\Comics))
 8 SYSTEMPATH\CodeIgniter.php(349): CodeIgniter\CodeIgniter->handleRequest(null, Object(Config\Cache), false)
 9 FCPATH\index.php(55): CodeIgniter\CodeIgniter->run()
10 SYSTEMPATH\Commands\Server\rewrite.php(43): require_once('FCPATH\\index.php')
CRITICAL - 2022-07-16 00:21:27 --> Trying to access array offset on value of type null
in APPPATH\Views\comic\detail.php on line 11.
 1 APPPATH\Views\comic\detail.php(11): CodeIgniter\Debug\Exceptions->errorHandler(2, 'Trying to access array offset on value of type null', 'APPPATH\\Views\\comic\\detail.php', 11)
 2 SYSTEMPATH\View\View.php(213): include('APPPATH\\Views\\comic\\detail.php')
 3 SYSTEMPATH\View\View.php(216): CodeIgniter\View\View->CodeIgniter\View\{closure}()
 4 SYSTEMPATH\Common.php(1135): CodeIgniter\View\View->render('comic/detail', [], true)
 5 APPPATH\Controllers\Comics.php(34): view('comic/detail', [...])
 6 SYSTEMPATH\CodeIgniter.php(896): App\Controllers\Comics->detail('FCPATH\\css', 'style.css')
 7 SYSTEMPATH\CodeIgniter.php(466): CodeIgniter\CodeIgniter->runController(Object(App\Controllers\Comics))
 8 SYSTEMPATH\CodeIgniter.php(349): CodeIgniter\CodeIgniter->handleRequest(null, Object(Config\Cache), false)
 9 FCPATH\index.php(55): CodeIgniter\CodeIgniter->run()
10 SYSTEMPATH\Commands\Server\rewrite.php(43): require_once('FCPATH\\index.php')
CRITICAL - 2022-07-16 00:29:10 --> Unclosed '{' on line 9
in APPPATH\Controllers\Comics.php on line 167.
 1 SYSTEMPATH\Autoloader\Autoloader.php(261): CodeIgniter\Autoloader\Autoloader->includeFile('APPPATH\\Controllers\\Comics.php')
 2 SYSTEMPATH\Autoloader\Autoloader.php(239): CodeIgniter\Autoloader\Autoloader->loadInNamespace('App\\Controllers\\Comics')
 3 [internal function]: CodeIgniter\Autoloader\Autoloader->loadClass('App\\Controllers\\Comics')
 4 SYSTEMPATH\CodeIgniter.php(846): class_exists('\\App\\Controllers\\Comics', true)
 5 SYSTEMPATH\CodeIgniter.php(453): CodeIgniter\CodeIgniter->startController()
 6 SYSTEMPATH\CodeIgniter.php(349): CodeIgniter\CodeIgniter->handleRequest(null, Object(Config\Cache), false)
 7 FCPATH\index.php(55): CodeIgniter\CodeIgniter->run()
 8 SYSTEMPATH\Commands\Server\rewrite.php(43): require_once('FCPATH\\index.php')
CRITICAL - 2022-07-16 00:30:06 --> Trying to access array offset on value of type null
in APPPATH\Views\comic\detail.php on line 11.
 1 APPPATH\Views\comic\detail.php(11): CodeIgniter\Debug\Exceptions->errorHandler(2, 'Trying to access array offset on value of type null', 'APPPATH\\Views\\comic\\detail.php', 11)
 2 SYSTEMPATH\View\View.php(213): include('APPPATH\\Views\\comic\\detail.php')
 3 SYSTEMPATH\View\View.php(216): CodeIgniter\View\View->CodeIgniter\View\{closure}()
 4 SYSTEMPATH\Common.php(1135): CodeIgniter\View\View->render('comic/detail', [], true)
 5 APPPATH\Controllers\Comics.php(34): view('comic/detail', [...])
 6 SYSTEMPATH\CodeIgniter.php(896): App\Controllers\Comics->detail('edit', 'FCPATH\\css', 'style.css')
 7 SYSTEMPATH\CodeIgniter.php(466): CodeIgniter\CodeIgniter->runController(Object(App\Controllers\Comics))
 8 SYSTEMPATH\CodeIgniter.php(349): CodeIgniter\CodeIgniter->handleRequest(null, Object(Config\Cache), false)
 9 FCPATH\index.php(55): CodeIgniter\CodeIgniter->run()
10 SYSTEMPATH\Commands\Server\rewrite.php(43): require_once('FCPATH\\index.php')
CRITICAL - 2022-07-16 00:30:11 --> Undefined array key "title"
in APPPATH\Controllers\Comics.php on line 116.
 1 APPPATH\Controllers\Comics.php(116): CodeIgniter\Debug\Exceptions->errorHandler(2, 'Undefined array key "title"', 'APPPATH\\Controllers\\Comics.php', 116)
 2 SYSTEMPATH\CodeIgniter.php(896): App\Controllers\Comics->update('1')
 3 SYSTEMPATH\CodeIgniter.php(466): CodeIgniter\CodeIgniter->runController(Object(App\Controllers\Comics))
 4 SYSTEMPATH\CodeIgniter.php(349): CodeIgniter\CodeIgniter->handleRequest(null, Object(Config\Cache), false)
 5 FCPATH\index.php(55): CodeIgniter\CodeIgniter->run()
 6 SYSTEMPATH\Commands\Server\rewrite.php(43): require_once('FCPATH\\index.php')
CRITICAL - 2022-07-16 00:31:44 --> Undefined array key "title"
in APPPATH\Controllers\Comics.php on line 115.
 1 APPPATH\Controllers\Comics.php(115): CodeIgniter\Debug\Exceptions->errorHandler(2, 'Undefined array key "title"', 'APPPATH\\Controllers\\Comics.php', 115)
 2 SYSTEMPATH\CodeIgniter.php(896): App\Controllers\Comics->update('1')
 3 SYSTEMPATH\CodeIgniter.php(466): CodeIgniter\CodeIgniter->runController(Object(App\Controllers\Comics))
 4 SYSTEMPATH\CodeIgniter.php(349): CodeIgniter\CodeIgniter->handleRequest(null, Object(Config\Cache), false)
 5 FCPATH\index.php(55): CodeIgniter\CodeIgniter->run()
 6 SYSTEMPATH\Commands\Server\rewrite.php(43): require_once('FCPATH\\index.php')
CRITICAL - 2022-07-16 00:32:34 --> Undefined array key "judul"
in APPPATH\Controllers\Comics.php on line 115.
 1 APPPATH\Controllers\Comics.php(115): CodeIgniter\Debug\Exceptions->errorHandler(2, 'Undefined array key "judul"', 'APPPATH\\Controllers\\Comics.php', 115)
 2 SYSTEMPATH\CodeIgniter.php(896): App\Controllers\Comics->update('1')
 3 SYSTEMPATH\CodeIgniter.php(466): CodeIgniter\CodeIgniter->runController(Object(App\Controllers\Comics))
 4 SYSTEMPATH\CodeIgniter.php(349): CodeIgniter\CodeIgniter->handleRequest(null, Object(Config\Cache), false)
 5 FCPATH\index.php(55): CodeIgniter\CodeIgniter->run()
 6 SYSTEMPATH\Commands\Server\rewrite.php(43): require_once('FCPATH\\index.php')
CRITICAL - 2022-07-16 00:32:53 --> Undefined array key "tittle"
in APPPATH\Controllers\Comics.php on line 115.
 1 APPPATH\Controllers\Comics.php(115): CodeIgniter\Debug\Exceptions->errorHandler(2, 'Undefined array key "tittle"', 'APPPATH\\Controllers\\Comics.php', 115)
 2 SYSTEMPATH\CodeIgniter.php(896): App\Controllers\Comics->update('1')
 3 SYSTEMPATH\CodeIgniter.php(466): CodeIgniter\CodeIgniter->runController(Object(App\Controllers\Comics))
 4 SYSTEMPATH\CodeIgniter.php(349): CodeIgniter\CodeIgniter->handleRequest(null, Object(Config\Cache), false)
 5 FCPATH\index.php(55): CodeIgniter\CodeIgniter->run()
 6 SYSTEMPATH\Commands\Server\rewrite.php(43): require_once('FCPATH\\index.php')
CRITICAL - 2022-07-16 02:56:49 --> Trying to access array offset on value of type null
in APPPATH\Views\comic\detail.php on line 11.
 1 APPPATH\Views\comic\detail.php(11): CodeIgniter\Debug\Exceptions->errorHandler(2, 'Trying to access array offset on value of type null', 'APPPATH\\Views\\comic\\detail.php', 11)
 2 SYSTEMPATH\View\View.php(213): include('APPPATH\\Views\\comic\\detail.php')
 3 SYSTEMPATH\View\View.php(216): CodeIgniter\View\View->CodeIgniter\View\{closure}()
 4 SYSTEMPATH\Common.php(1135): CodeIgniter\View\View->render('comic/detail', [], true)
 5 APPPATH\Controllers\Comics.php(34): view('comic/detail', [...])
 6 SYSTEMPATH\CodeIgniter.php(896): App\Controllers\Comics->detail('edit', 'FCPATH\\css', 'style.css')
 7 SYSTEMPATH\CodeIgniter.php(466): CodeIgniter\CodeIgniter->runController(Object(App\Controllers\Comics))
 8 SYSTEMPATH\CodeIgniter.php(349): CodeIgniter\CodeIgniter->handleRequest(null, Object(Config\Cache), false)
 9 FCPATH\index.php(55): CodeIgniter\CodeIgniter->run()
10 SYSTEMPATH\Commands\Server\rewrite.php(43): require_once('FCPATH\\index.php')
CRITICAL - 2022-07-16 03:07:42 --> Undefined array key "title"
in APPPATH\Controllers\Comics.php on line 116.
 1 APPPATH\Controllers\Comics.php(116): CodeIgniter\Debug\Exceptions->errorHandler(2, 'Undefined array key "title"', 'APPPATH\\Controllers\\Comics.php', 116)
 2 SYSTEMPATH\CodeIgniter.php(896): App\Controllers\Comics->update('1')
 3 SYSTEMPATH\CodeIgniter.php(466): CodeIgniter\CodeIgniter->runController(Object(App\Controllers\Comics))
 4 SYSTEMPATH\CodeIgniter.php(349): CodeIgniter\CodeIgniter->handleRequest(null, Object(Config\Cache), false)
 5 FCPATH\index.php(55): CodeIgniter\CodeIgniter->run()
 6 SYSTEMPATH\Commands\Server\rewrite.php(43): require_once('FCPATH\\index.php')
CRITICAL - 2022-07-16 03:09:42 --> Undefined array key "title"
in APPPATH\Controllers\Comics.php on line 116.
 1 APPPATH\Controllers\Comics.php(116): CodeIgniter\Debug\Exceptions->errorHandler(2, 'Undefined array key "title"', 'APPPATH\\Controllers\\Comics.php', 116)
 2 SYSTEMPATH\CodeIgniter.php(896): App\Controllers\Comics->update('1')
 3 SYSTEMPATH\CodeIgniter.php(466): CodeIgniter\CodeIgniter->runController(Object(App\Controllers\Comics))
 4 SYSTEMPATH\CodeIgniter.php(349): CodeIgniter\CodeIgniter->handleRequest(null, Object(Config\Cache), false)
 5 FCPATH\index.php(55): CodeIgniter\CodeIgniter->run()
 6 SYSTEMPATH\Commands\Server\rewrite.php(43): require_once('FCPATH\\index.php')
CRITICAL - 2022-07-16 03:11:20 --> Undefined array key "comic.title"
in APPPATH\Controllers\Comics.php on line 116.
 1 APPPATH\Controllers\Comics.php(116): CodeIgniter\Debug\Exceptions->errorHandler(2, 'Undefined array key "comic.title"', 'APPPATH\\Controllers\\Comics.php', 116)
 2 SYSTEMPATH\CodeIgniter.php(896): App\Controllers\Comics->update('1')
 3 SYSTEMPATH\CodeIgniter.php(466): CodeIgniter\CodeIgniter->runController(Object(App\Controllers\Comics))
 4 SYSTEMPATH\CodeIgniter.php(349): CodeIgniter\CodeIgniter->handleRequest(null, Object(Config\Cache), false)
 5 FCPATH\index.php(55): CodeIgniter\CodeIgniter->run()
 6 SYSTEMPATH\Commands\Server\rewrite.php(43): require_once('FCPATH\\index.php')
CRITICAL - 2022-07-16 03:11:38 --> Undefined array key "title"
in APPPATH\Controllers\Comics.php on line 116.
 1 APPPATH\Controllers\Comics.php(116): CodeIgniter\Debug\Exceptions->errorHandler(2, 'Undefined array key "title"', 'APPPATH\\Controllers\\Comics.php', 116)
 2 SYSTEMPATH\CodeIgniter.php(896): App\Controllers\Comics->update('1')
 3 SYSTEMPATH\CodeIgniter.php(466): CodeIgniter\CodeIgniter->runController(Object(App\Controllers\Comics))
 4 SYSTEMPATH\CodeIgniter.php(349): CodeIgniter\CodeIgniter->handleRequest(null, Object(Config\Cache), false)
 5 FCPATH\index.php(55): CodeIgniter\CodeIgniter->run()
 6 SYSTEMPATH\Commands\Server\rewrite.php(43): require_once('FCPATH\\index.php')
CRITICAL - 2022-07-16 03:21:02 --> Trying to access array offset on value of type null
in APPPATH\Views\comic\detail.php on line 11.
 1 APPPATH\Views\comic\detail.php(11): CodeIgniter\Debug\Exceptions->errorHandler(2, 'Trying to access array offset on value of type null', 'APPPATH\\Views\\comic\\detail.php', 11)
 2 SYSTEMPATH\View\View.php(213): include('APPPATH\\Views\\comic\\detail.php')
 3 SYSTEMPATH\View\View.php(216): CodeIgniter\View\View->CodeIgniter\View\{closure}()
 4 SYSTEMPATH\Common.php(1135): CodeIgniter\View\View->render('comic/detail', [], true)
 5 APPPATH\Controllers\Comics.php(34): view('comic/detail', [...])
 6 SYSTEMPATH\CodeIgniter.php(896): App\Controllers\Comics->detail('FCPATH\\css', 'style.css')
 7 SYSTEMPATH\CodeIgniter.php(466): CodeIgniter\CodeIgniter->runController(Object(App\Controllers\Comics))
 8 SYSTEMPATH\CodeIgniter.php(349): CodeIgniter\CodeIgniter->handleRequest(null, Object(Config\Cache), false)
 9 FCPATH\index.php(55): CodeIgniter\CodeIgniter->run()
10 SYSTEMPATH\Commands\Server\rewrite.php(43): require_once('FCPATH\\index.php')
CRITICAL - 2022-07-16 03:21:06 --> Trying to access array offset on value of type null
in APPPATH\Views\comic\detail.php on line 11.
 1 APPPATH\Views\comic\detail.php(11): CodeIgniter\Debug\Exceptions->errorHandler(2, 'Trying to access array offset on value of type null', 'APPPATH\\Views\\comic\\detail.php', 11)
 2 SYSTEMPATH\View\View.php(213): include('APPPATH\\Views\\comic\\detail.php')
 3 SYSTEMPATH\View\View.php(216): CodeIgniter\View\View->CodeIgniter\View\{closure}()
 4 SYSTEMPATH\Common.php(1135): CodeIgniter\View\View->render('comic/detail', [], true)
 5 APPPATH\Controllers\Comics.php(34): view('comic/detail', [...])
 6 SYSTEMPATH\CodeIgniter.php(896): App\Controllers\Comics->detail('edit', 'FCPATH\\css', 'style.css')
 7 SYSTEMPATH\CodeIgniter.php(466): CodeIgniter\CodeIgniter->runController(Object(App\Controllers\Comics))
 8 SYSTEMPATH\CodeIgniter.php(349): CodeIgniter\CodeIgniter->handleRequest(null, Object(Config\Cache), false)
 9 FCPATH\index.php(55): CodeIgniter\CodeIgniter->run()
10 SYSTEMPATH\Commands\Server\rewrite.php(43): require_once('FCPATH\\index.php')
CRITICAL - 2022-07-16 03:21:09 --> Undefined array key "title"
in APPPATH\Controllers\Comics.php on line 116.
 1 APPPATH\Controllers\Comics.php(116): CodeIgniter\Debug\Exceptions->errorHandler(2, 'Undefined array key "title"', 'APPPATH\\Controllers\\Comics.php', 116)
 2 SYSTEMPATH\CodeIgniter.php(896): App\Controllers\Comics->update('1')
 3 SYSTEMPATH\CodeIgniter.php(466): CodeIgniter\CodeIgniter->runController(Object(App\Controllers\Comics))
 4 SYSTEMPATH\CodeIgniter.php(349): CodeIgniter\CodeIgniter->handleRequest(null, Object(Config\Cache), false)
 5 FCPATH\index.php(55): CodeIgniter\CodeIgniter->run()
 6 SYSTEMPATH\Commands\Server\rewrite.php(43): require_once('FCPATH\\index.php')
CRITICAL - 2022-07-16 03:25:25 --> Undefined array key "title"
in APPPATH\Controllers\Comics.php on line 116.
 1 APPPATH\Controllers\Comics.php(116): CodeIgniter\Debug\Exceptions->errorHandler(2, 'Undefined array key "title"', 'APPPATH\\Controllers\\Comics.php', 116)
 2 SYSTEMPATH\CodeIgniter.php(896): App\Controllers\Comics->update('1')
 3 SYSTEMPATH\CodeIgniter.php(466): CodeIgniter\CodeIgniter->runController(Object(App\Controllers\Comics))
 4 SYSTEMPATH\CodeIgniter.php(349): CodeIgniter\CodeIgniter->handleRequest(null, Object(Config\Cache), false)
 5 FCPATH\index.php(55): CodeIgniter\CodeIgniter->run()
 6 SYSTEMPATH\Commands\Server\rewrite.php(43): require_once('FCPATH\\index.php')
CRITICAL - 2022-07-16 03:25:31 --> Trying to access array offset on value of type null
in APPPATH\Views\comic\detail.php on line 11.
 1 APPPATH\Views\comic\detail.php(11): CodeIgniter\Debug\Exceptions->errorHandler(2, 'Trying to access array offset on value of type null', 'APPPATH\\Views\\comic\\detail.php', 11)
 2 SYSTEMPATH\View\View.php(213): include('APPPATH\\Views\\comic\\detail.php')
 3 SYSTEMPATH\View\View.php(216): CodeIgniter\View\View->CodeIgniter\View\{closure}()
 4 SYSTEMPATH\Common.php(1135): CodeIgniter\View\View->render('comic/detail', [], true)
 5 APPPATH\Controllers\Comics.php(34): view('comic/detail', [...])
 6 SYSTEMPATH\CodeIgniter.php(896): App\Controllers\Comics->detail('edit', 'FCPATH\\css', 'style.css')
 7 SYSTEMPATH\CodeIgniter.php(466): CodeIgniter\CodeIgniter->runController(Object(App\Controllers\Comics))
 8 SYSTEMPATH\CodeIgniter.php(349): CodeIgniter\CodeIgniter->handleRequest(null, Object(Config\Cache), false)
 9 FCPATH\index.php(55): CodeIgniter\CodeIgniter->run()
10 SYSTEMPATH\Commands\Server\rewrite.php(43): require_once('FCPATH\\index.php')
CRITICAL - 2022-07-16 03:26:22 --> Trying to access array offset on value of type null
in APPPATH\Views\comic\detail.php on line 11.
 1 APPPATH\Views\comic\detail.php(11): CodeIgniter\Debug\Exceptions->errorHandler(2, 'Trying to access array offset on value of type null', 'APPPATH\\Views\\comic\\detail.php', 11)
 2 SYSTEMPATH\View\View.php(213): include('APPPATH\\Views\\comic\\detail.php')
 3 SYSTEMPATH\View\View.php(216): CodeIgniter\View\View->CodeIgniter\View\{closure}()
 4 SYSTEMPATH\Common.php(1135): CodeIgniter\View\View->render('comic/detail', [], true)
 5 APPPATH\Controllers\Comics.php(34): view('comic/detail', [...])
 6 SYSTEMPATH\CodeIgniter.php(896): App\Controllers\Comics->detail('edit', 'FCPATH\\css', 'style.css')
 7 SYSTEMPATH\CodeIgniter.php(466): CodeIgniter\CodeIgniter->runController(Object(App\Controllers\Comics))
 8 SYSTEMPATH\CodeIgniter.php(349): CodeIgniter\CodeIgniter->handleRequest(null, Object(Config\Cache), false)
 9 FCPATH\index.php(55): CodeIgniter\CodeIgniter->run()
10 SYSTEMPATH\Commands\Server\rewrite.php(43): require_once('FCPATH\\index.php')
CRITICAL - 2022-07-16 03:33:32 --> Trying to access array offset on value of type null
in APPPATH\Views\comic\detail.php on line 11.
 1 APPPATH\Views\comic\detail.php(11): CodeIgniter\Debug\Exceptions->errorHandler(2, 'Trying to access array offset on value of type null', 'APPPATH\\Views\\comic\\detail.php', 11)
 2 SYSTEMPATH\View\View.php(213): include('APPPATH\\Views\\comic\\detail.php')
 3 SYSTEMPATH\View\View.php(216): CodeIgniter\View\View->CodeIgniter\View\{closure}()
 4 SYSTEMPATH\Common.php(1135): CodeIgniter\View\View->render('comic/detail', [], true)
 5 APPPATH\Controllers\Comics.php(34): view('comic/detail', [...])
 6 SYSTEMPATH\CodeIgniter.php(896): App\Controllers\Comics->detail('edit', 'FCPATH\\css', 'style.css')
 7 SYSTEMPATH\CodeIgniter.php(466): CodeIgniter\CodeIgniter->runController(Object(App\Controllers\Comics))
 8 SYSTEMPATH\CodeIgniter.php(349): CodeIgniter\CodeIgniter->handleRequest(null, Object(Config\Cache), false)
 9 FCPATH\index.php(55): CodeIgniter\CodeIgniter->run()
10 SYSTEMPATH\Commands\Server\rewrite.php(43): require_once('FCPATH\\index.php')
CRITICAL - 2022-07-16 03:35:23 --> Trying to access array offset on value of type null
in APPPATH\Views\comic\detail.php on line 11.
 1 APPPATH\Views\comic\detail.php(11): CodeIgniter\Debug\Exceptions->errorHandler(2, 'Trying to access array offset on value of type null', 'APPPATH\\Views\\comic\\detail.php', 11)
 2 SYSTEMPATH\View\View.php(213): include('APPPATH\\Views\\comic\\detail.php')
 3 SYSTEMPATH\View\View.php(216): CodeIgniter\View\View->CodeIgniter\View\{closure}()
 4 SYSTEMPATH\Common.php(1135): CodeIgniter\View\View->render('comic/detail', [], true)
 5 APPPATH\Controllers\Comics.php(34): view('comic/detail', [...])
 6 SYSTEMPATH\CodeIgniter.php(896): App\Controllers\Comics->detail('edit', 'FCPATH\\css', 'style.css')
 7 SYSTEMPATH\CodeIgniter.php(466): CodeIgniter\CodeIgniter->runController(Object(App\Controllers\Comics))
 8 SYSTEMPATH\CodeIgniter.php(349): CodeIgniter\CodeIgniter->handleRequest(null, Object(Config\Cache), false)
 9 FCPATH\index.php(55): CodeIgniter\CodeIgniter->run()
10 SYSTEMPATH\Commands\Server\rewrite.php(43): require_once('FCPATH\\index.php')
CRITICAL - 2022-07-16 03:39:23 --> Trying to access array offset on value of type null
in APPPATH\Views\comic\detail.php on line 11.
 1 APPPATH\Views\comic\detail.php(11): CodeIgniter\Debug\Exceptions->errorHandler(2, 'Trying to access array offset on value of type null', 'APPPATH\\Views\\comic\\detail.php', 11)
 2 SYSTEMPATH\View\View.php(213): include('APPPATH\\Views\\comic\\detail.php')
 3 SYSTEMPATH\View\View.php(216): CodeIgniter\View\View->CodeIgniter\View\{closure}()
 4 SYSTEMPATH\Common.php(1135): CodeIgniter\View\View->render('comic/detail', [], true)
 5 APPPATH\Controllers\Comics.php(34): view('comic/detail', [...])
 6 SYSTEMPATH\CodeIgniter.php(896): App\Controllers\Comics->detail('edit', 'FCPATH\\css', 'style.css')
 7 SYSTEMPATH\CodeIgniter.php(466): CodeIgniter\CodeIgniter->runController(Object(App\Controllers\Comics))
 8 SYSTEMPATH\CodeIgniter.php(349): CodeIgniter\CodeIgniter->handleRequest(null, Object(Config\Cache), false)
 9 FCPATH\index.php(55): CodeIgniter\CodeIgniter->run()
10 SYSTEMPATH\Commands\Server\rewrite.php(43): require_once('FCPATH\\index.php')
CRITICAL - 2022-07-16 03:43:19 --> Trying to access array offset on value of type null
in APPPATH\Views\comic\detail.php on line 11.
 1 APPPATH\Views\comic\detail.php(11): CodeIgniter\Debug\Exceptions->errorHandler(2, 'Trying to access array offset on value of type null', 'APPPATH\\Views\\comic\\detail.php', 11)
 2 SYSTEMPATH\View\View.php(213): include('APPPATH\\Views\\comic\\detail.php')
 3 SYSTEMPATH\View\View.php(216): CodeIgniter\View\View->CodeIgniter\View\{closure}()
 4 SYSTEMPATH\Common.php(1135): CodeIgniter\View\View->render('comic/detail', [], true)
 5 APPPATH\Controllers\Comics.php(34): view('comic/detail', [...])
 6 SYSTEMPATH\CodeIgniter.php(896): App\Controllers\Comics->detail('FCPATH\\css', 'style.css')
 7 SYSTEMPATH\CodeIgniter.php(466): CodeIgniter\CodeIgniter->runController(Object(App\Controllers\Comics))
 8 SYSTEMPATH\CodeIgniter.php(349): CodeIgniter\CodeIgniter->handleRequest(null, Object(Config\Cache), false)
 9 FCPATH\index.php(55): CodeIgniter\CodeIgniter->run()
10 SYSTEMPATH\Commands\Server\rewrite.php(43): require_once('FCPATH\\index.php')
CRITICAL - 2022-07-16 03:43:23 --> Trying to access array offset on value of type null
in APPPATH\Views\comic\detail.php on line 11.
 1 APPPATH\Views\comic\detail.php(11): CodeIgniter\Debug\Exceptions->errorHandler(2, 'Trying to access array offset on value of type null', 'APPPATH\\Views\\comic\\detail.php', 11)
 2 SYSTEMPATH\View\View.php(213): include('APPPATH\\Views\\comic\\detail.php')
 3 SYSTEMPATH\View\View.php(216): CodeIgniter\View\View->CodeIgniter\View\{closure}()
 4 SYSTEMPATH\Common.php(1135): CodeIgniter\View\View->render('comic/detail', [], true)
 5 APPPATH\Controllers\Comics.php(34): view('comic/detail', [...])
 6 SYSTEMPATH\CodeIgniter.php(896): App\Controllers\Comics->detail('edit', 'FCPATH\\css', 'style.css')
 7 SYSTEMPATH\CodeIgniter.php(466): CodeIgniter\CodeIgniter->runController(Object(App\Controllers\Comics))
 8 SYSTEMPATH\CodeIgniter.php(349): CodeIgniter\CodeIgniter->handleRequest(null, Object(Config\Cache), false)
 9 FCPATH\index.php(55): CodeIgniter\CodeIgniter->run()
10 SYSTEMPATH\Commands\Server\rewrite.php(43): require_once('FCPATH\\index.php')
CRITICAL - 2022-07-16 03:43:35 --> Trying to access array offset on value of type null
in APPPATH\Views\comic\detail.php on line 11.
 1 APPPATH\Views\comic\detail.php(11): CodeIgniter\Debug\Exceptions->errorHandler(2, 'Trying to access array offset on value of type null', 'APPPATH\\Views\\comic\\detail.php', 11)
 2 SYSTEMPATH\View\View.php(213): include('APPPATH\\Views\\comic\\detail.php')
 3 SYSTEMPATH\View\View.php(216): CodeIgniter\View\View->CodeIgniter\View\{closure}()
 4 SYSTEMPATH\Common.php(1135): CodeIgniter\View\View->render('comic/detail', [], true)
 5 APPPATH\Controllers\Comics.php(34): view('comic/detail', [...])
 6 SYSTEMPATH\CodeIgniter.php(896): App\Controllers\Comics->detail('FCPATH\\css', 'style.css')
 7 SYSTEMPATH\CodeIgniter.php(466): CodeIgniter\CodeIgniter->runController(Object(App\Controllers\Comics))
 8 SYSTEMPATH\CodeIgniter.php(349): CodeIgniter\CodeIgniter->handleRequest(null, Object(Config\Cache), false)
 9 FCPATH\index.php(55): CodeIgniter\CodeIgniter->run()
10 SYSTEMPATH\Commands\Server\rewrite.php(43): require_once('FCPATH\\index.php')
CRITICAL - 2022-07-16 03:43:39 --> Trying to access array offset on value of type null
in APPPATH\Views\comic\detail.php on line 11.
 1 APPPATH\Views\comic\detail.php(11): CodeIgniter\Debug\Exceptions->errorHandler(2, 'Trying to access array offset on value of type null', 'APPPATH\\Views\\comic\\detail.php', 11)
 2 SYSTEMPATH\View\View.php(213): include('APPPATH\\Views\\comic\\detail.php')
 3 SYSTEMPATH\View\View.php(216): CodeIgniter\View\View->CodeIgniter\View\{closure}()
 4 SYSTEMPATH\Common.php(1135): CodeIgniter\View\View->render('comic/detail', [], true)
 5 APPPATH\Controllers\Comics.php(34): view('comic/detail', [...])
 6 SYSTEMPATH\CodeIgniter.php(896): App\Controllers\Comics->detail('edit', 'FCPATH\\css', 'style.css')
 7 SYSTEMPATH\CodeIgniter.php(466): CodeIgniter\CodeIgniter->runController(Object(App\Controllers\Comics))
 8 SYSTEMPATH\CodeIgniter.php(349): CodeIgniter\CodeIgniter->handleRequest(null, Object(Config\Cache), false)
 9 FCPATH\index.php(55): CodeIgniter\CodeIgniter->run()
10 SYSTEMPATH\Commands\Server\rewrite.php(43): require_once('FCPATH\\index.php')
CRITICAL - 2022-07-16 03:43:46 --> Trying to access array offset on value of type null
in APPPATH\Views\comic\detail.php on line 11.
 1 APPPATH\Views\comic\detail.php(11): CodeIgniter\Debug\Exceptions->errorHandler(2, 'Trying to access array offset on value of type null', 'APPPATH\\Views\\comic\\detail.php', 11)
 2 SYSTEMPATH\View\View.php(213): include('APPPATH\\Views\\comic\\detail.php')
 3 SYSTEMPATH\View\View.php(216): CodeIgniter\View\View->CodeIgniter\View\{closure}()
 4 SYSTEMPATH\Common.php(1135): CodeIgniter\View\View->render('comic/detail', [], true)
 5 APPPATH\Controllers\Comics.php(34): view('comic/detail', [...])
 6 SYSTEMPATH\CodeIgniter.php(896): App\Controllers\Comics->detail('edit', 'FCPATH\\css', 'style.css')
 7 SYSTEMPATH\CodeIgniter.php(466): CodeIgniter\CodeIgniter->runController(Object(App\Controllers\Comics))
 8 SYSTEMPATH\CodeIgniter.php(349): CodeIgniter\CodeIgniter->handleRequest(null, Object(Config\Cache), false)
 9 FCPATH\index.php(55): CodeIgniter\CodeIgniter->run()
10 SYSTEMPATH\Commands\Server\rewrite.php(43): require_once('FCPATH\\index.php')
CRITICAL - 2022-07-16 03:46:14 --> Trying to access array offset on value of type null
in APPPATH\Views\comic\detail.php on line 11.
 1 APPPATH\Views\comic\detail.php(11): CodeIgniter\Debug\Exceptions->errorHandler(2, 'Trying to access array offset on value of type null', 'APPPATH\\Views\\comic\\detail.php', 11)
 2 SYSTEMPATH\View\View.php(213): include('APPPATH\\Views\\comic\\detail.php')
 3 SYSTEMPATH\View\View.php(216): CodeIgniter\View\View->CodeIgniter\View\{closure}()
 4 SYSTEMPATH\Common.php(1135): CodeIgniter\View\View->render('comic/detail', [], true)
 5 APPPATH\Controllers\Comics.php(34): view('comic/detail', [...])
 6 SYSTEMPATH\CodeIgniter.php(896): App\Controllers\Comics->detail('FCPATH\\css', 'style.css')
 7 SYSTEMPATH\CodeIgniter.php(466): CodeIgniter\CodeIgniter->runController(Object(App\Controllers\Comics))
 8 SYSTEMPATH\CodeIgniter.php(349): CodeIgniter\CodeIgniter->handleRequest(null, Object(Config\Cache), false)
 9 FCPATH\index.php(55): CodeIgniter\CodeIgniter->run()
10 SYSTEMPATH\Commands\Server\rewrite.php(43): require_once('FCPATH\\index.php')
CRITICAL - 2022-07-16 03:46:20 --> Trying to access array offset on value of type null
in APPPATH\Views\comic\detail.php on line 11.
 1 APPPATH\Views\comic\detail.php(11): CodeIgniter\Debug\Exceptions->errorHandler(2, 'Trying to access array offset on value of type null', 'APPPATH\\Views\\comic\\detail.php', 11)
 2 SYSTEMPATH\View\View.php(213): include('APPPATH\\Views\\comic\\detail.php')
 3 SYSTEMPATH\View\View.php(216): CodeIgniter\View\View->CodeIgniter\View\{closure}()
 4 SYSTEMPATH\Common.php(1135): CodeIgniter\View\View->render('comic/detail', [], true)
 5 APPPATH\Controllers\Comics.php(34): view('comic/detail', [...])
 6 SYSTEMPATH\CodeIgniter.php(896): App\Controllers\Comics->detail('edit', 'FCPATH\\css', 'style.css')
 7 SYSTEMPATH\CodeIgniter.php(466): CodeIgniter\CodeIgniter->runController(Object(App\Controllers\Comics))
 8 SYSTEMPATH\CodeIgniter.php(349): CodeIgniter\CodeIgniter->handleRequest(null, Object(Config\Cache), false)
 9 FCPATH\index.php(55): CodeIgniter\CodeIgniter->run()
10 SYSTEMPATH\Commands\Server\rewrite.php(43): require_once('FCPATH\\index.php')
CRITICAL - 2022-07-16 03:46:29 --> Trying to access array offset on value of type null
in APPPATH\Views\comic\detail.php on line 11.
 1 APPPATH\Views\comic\detail.php(11): CodeIgniter\Debug\Exceptions->errorHandler(2, 'Trying to access array offset on value of type null', 'APPPATH\\Views\\comic\\detail.php', 11)
 2 SYSTEMPATH\View\View.php(213): include('APPPATH\\Views\\comic\\detail.php')
 3 SYSTEMPATH\View\View.php(216): CodeIgniter\View\View->CodeIgniter\View\{closure}()
 4 SYSTEMPATH\Common.php(1135): CodeIgniter\View\View->render('comic/detail', [], true)
 5 APPPATH\Controllers\Comics.php(34): view('comic/detail', [...])
 6 SYSTEMPATH\CodeIgniter.php(896): App\Controllers\Comics->detail('edit', 'FCPATH\\css', 'style.css')
 7 SYSTEMPATH\CodeIgniter.php(466): CodeIgniter\CodeIgniter->runController(Object(App\Controllers\Comics))
 8 SYSTEMPATH\CodeIgniter.php(349): CodeIgniter\CodeIgniter->handleRequest(null, Object(Config\Cache), false)
 9 FCPATH\index.php(55): CodeIgniter\CodeIgniter->run()
10 SYSTEMPATH\Commands\Server\rewrite.php(43): require_once('FCPATH\\index.php')
CRITICAL - 2022-07-16 04:47:34 --> Trying to access array offset on value of type null
in APPPATH\Views\comic\detail.php on line 11.
 1 APPPATH\Views\comic\detail.php(11): CodeIgniter\Debug\Exceptions->errorHandler(2, 'Trying to access array offset on value of type null', 'APPPATH\\Views\\comic\\detail.php', 11)
 2 SYSTEMPATH\View\View.php(213): include('APPPATH\\Views\\comic\\detail.php')
 3 SYSTEMPATH\View\View.php(216): CodeIgniter\View\View->CodeIgniter\View\{closure}()
 4 SYSTEMPATH\Common.php(1135): CodeIgniter\View\View->render('comic/detail', [], true)
 5 APPPATH\Controllers\Comics.php(34): view('comic/detail', [...])
 6 SYSTEMPATH\CodeIgniter.php(896): App\Controllers\Comics->detail('edit', 'FCPATH\\css', 'style.css')
 7 SYSTEMPATH\CodeIgniter.php(466): CodeIgniter\CodeIgniter->runController(Object(App\Controllers\Comics))
 8 SYSTEMPATH\CodeIgniter.php(349): CodeIgniter\CodeIgniter->handleRequest(null, Object(Config\Cache), false)
 9 FCPATH\index.php(55): CodeIgniter\CodeIgniter->run()
10 SYSTEMPATH\Commands\Server\rewrite.php(43): require_once('FCPATH\\index.php')
CRITICAL - 2022-07-16 04:47:57 --> Trying to access array offset on value of type null
in APPPATH\Views\comic\detail.php on line 11.
 1 APPPATH\Views\comic\detail.php(11): CodeIgniter\Debug\Exceptions->errorHandler(2, 'Trying to access array offset on value of type null', 'APPPATH\\Views\\comic\\detail.php', 11)
 2 SYSTEMPATH\View\View.php(213): include('APPPATH\\Views\\comic\\detail.php')
 3 SYSTEMPATH\View\View.php(216): CodeIgniter\View\View->CodeIgniter\View\{closure}()
 4 SYSTEMPATH\Common.php(1135): CodeIgniter\View\View->render('comic/detail', [], true)
 5 APPPATH\Controllers\Comics.php(34): view('comic/detail', [...])
 6 SYSTEMPATH\CodeIgniter.php(896): App\Controllers\Comics->detail('FCPATH\\css', 'style.css')
 7 SYSTEMPATH\CodeIgniter.php(466): CodeIgniter\CodeIgniter->runController(Object(App\Controllers\Comics))
 8 SYSTEMPATH\CodeIgniter.php(349): CodeIgniter\CodeIgniter->handleRequest(null, Object(Config\Cache), false)
 9 FCPATH\index.php(55): CodeIgniter\CodeIgniter->run()
10 SYSTEMPATH\Commands\Server\rewrite.php(43): require_once('FCPATH\\index.php')
CRITICAL - 2022-07-16 04:48:02 --> Trying to access array offset on value of type null
in APPPATH\Views\comic\detail.php on line 11.
 1 APPPATH\Views\comic\detail.php(11): CodeIgniter\Debug\Exceptions->errorHandler(2, 'Trying to access array offset on value of type null', 'APPPATH\\Views\\comic\\detail.php', 11)
 2 SYSTEMPATH\View\View.php(213): include('APPPATH\\Views\\comic\\detail.php')
 3 SYSTEMPATH\View\View.php(216): CodeIgniter\View\View->CodeIgniter\View\{closure}()
 4 SYSTEMPATH\Common.php(1135): CodeIgniter\View\View->render('comic/detail', [], true)
 5 APPPATH\Controllers\Comics.php(34): view('comic/detail', [...])
 6 SYSTEMPATH\CodeIgniter.php(896): App\Controllers\Comics->detail('edit', 'FCPATH\\css', 'style.css')
 7 SYSTEMPATH\CodeIgniter.php(466): CodeIgniter\CodeIgniter->runController(Object(App\Controllers\Comics))
 8 SYSTEMPATH\CodeIgniter.php(349): CodeIgniter\CodeIgniter->handleRequest(null, Object(Config\Cache), false)
 9 FCPATH\index.php(55): CodeIgniter\CodeIgniter->run()
10 SYSTEMPATH\Commands\Server\rewrite.php(43): require_once('FCPATH\\index.php')
CRITICAL - 2022-07-16 04:48:14 --> Trying to access array offset on value of type null
in APPPATH\Views\comic\detail.php on line 11.
 1 APPPATH\Views\comic\detail.php(11): CodeIgniter\Debug\Exceptions->errorHandler(2, 'Trying to access array offset on value of type null', 'APPPATH\\Views\\comic\\detail.php', 11)
 2 SYSTEMPATH\View\View.php(213): include('APPPATH\\Views\\comic\\detail.php')
 3 SYSTEMPATH\View\View.php(216): CodeIgniter\View\View->CodeIgniter\View\{closure}()
 4 SYSTEMPATH\Common.php(1135): CodeIgniter\View\View->render('comic/detail', [], true)
 5 APPPATH\Controllers\Comics.php(34): view('comic/detail', [...])
 6 SYSTEMPATH\CodeIgniter.php(896): App\Controllers\Comics->detail('FCPATH\\css', 'style.css')
 7 SYSTEMPATH\CodeIgniter.php(466): CodeIgniter\CodeIgniter->runController(Object(App\Controllers\Comics))
 8 SYSTEMPATH\CodeIgniter.php(349): CodeIgniter\CodeIgniter->handleRequest(null, Object(Config\Cache), false)
 9 FCPATH\index.php(55): CodeIgniter\CodeIgniter->run()
10 SYSTEMPATH\Commands\Server\rewrite.php(43): require_once('FCPATH\\index.php')
CRITICAL - 2022-07-16 04:49:41 --> Trying to access array offset on value of type null
in APPPATH\Views\comic\detail.php on line 11.
 1 APPPATH\Views\comic\detail.php(11): CodeIgniter\Debug\Exceptions->errorHandler(2, 'Trying to access array offset on value of type null', 'APPPATH\\Views\\comic\\detail.php', 11)
 2 SYSTEMPATH\View\View.php(213): include('APPPATH\\Views\\comic\\detail.php')
 3 SYSTEMPATH\View\View.php(216): CodeIgniter\View\View->CodeIgniter\View\{closure}()
 4 SYSTEMPATH\Common.php(1135): CodeIgniter\View\View->render('comic/detail', [], true)
 5 APPPATH\Controllers\Comics.php(34): view('comic/detail', [...])
 6 SYSTEMPATH\CodeIgniter.php(896): App\Controllers\Comics->detail('FCPATH\\css', 'style.css')
 7 SYSTEMPATH\CodeIgniter.php(466): CodeIgniter\CodeIgniter->runController(Object(App\Controllers\Comics))
 8 SYSTEMPATH\CodeIgniter.php(349): CodeIgniter\CodeIgniter->handleRequest(null, Object(Config\Cache), false)
 9 FCPATH\index.php(55): CodeIgniter\CodeIgniter->run()
10 SYSTEMPATH\Commands\Server\rewrite.php(43): require_once('FCPATH\\index.php')
CRITICAL - 2022-07-16 04:57:06 --> Trying to access array offset on value of type null
in APPPATH\Views\comic\detail.php on line 11.
 1 APPPATH\Views\comic\detail.php(11): CodeIgniter\Debug\Exceptions->errorHandler(2, 'Trying to access array offset on value of type null', 'APPPATH\\Views\\comic\\detail.php', 11)
 2 SYSTEMPATH\View\View.php(213): include('APPPATH\\Views\\comic\\detail.php')
 3 SYSTEMPATH\View\View.php(216): CodeIgniter\View\View->CodeIgniter\View\{closure}()
 4 SYSTEMPATH\Common.php(1135): CodeIgniter\View\View->render('comic/detail', [], true)
 5 APPPATH\Controllers\Comics.php(34): view('comic/detail', [...])
 6 SYSTEMPATH\CodeIgniter.php(896): App\Controllers\Comics->detail('edit', 'FCPATH\\css', 'style.css')
 7 SYSTEMPATH\CodeIgniter.php(466): CodeIgniter\CodeIgniter->runController(Object(App\Controllers\Comics))
 8 SYSTEMPATH\CodeIgniter.php(349): CodeIgniter\CodeIgniter->handleRequest(null, Object(Config\Cache), false)
 9 FCPATH\index.php(55): CodeIgniter\CodeIgniter->run()
10 SYSTEMPATH\Commands\Server\rewrite.php(43): require_once('FCPATH\\index.php')
CRITICAL - 2022-07-16 04:57:21 --> Trying to access array offset on value of type null
in APPPATH\Views\comic\detail.php on line 11.
 1 APPPATH\Views\comic\detail.php(11): CodeIgniter\Debug\Exceptions->errorHandler(2, 'Trying to access array offset on value of type null', 'APPPATH\\Views\\comic\\detail.php', 11)
 2 SYSTEMPATH\View\View.php(213): include('APPPATH\\Views\\comic\\detail.php')
 3 SYSTEMPATH\View\View.php(216): CodeIgniter\View\View->CodeIgniter\View\{closure}()
 4 SYSTEMPATH\Common.php(1135): CodeIgniter\View\View->render('comic/detail', [], true)
 5 APPPATH\Controllers\Comics.php(34): view('comic/detail', [...])
 6 SYSTEMPATH\CodeIgniter.php(896): App\Controllers\Comics->detail('edit', 'FCPATH\\css', 'style.css')
 7 SYSTEMPATH\CodeIgniter.php(466): CodeIgniter\CodeIgniter->runController(Object(App\Controllers\Comics))
 8 SYSTEMPATH\CodeIgniter.php(349): CodeIgniter\CodeIgniter->handleRequest(null, Object(Config\Cache), false)
 9 FCPATH\index.php(55): CodeIgniter\CodeIgniter->run()
10 SYSTEMPATH\Commands\Server\rewrite.php(43): require_once('FCPATH\\index.php')
CRITICAL - 2022-07-16 05:05:38 --> Trying to access array offset on value of type null
in APPPATH\Views\comic\detail.php on line 11.
 1 APPPATH\Views\comic\detail.php(11): CodeIgniter\Debug\Exceptions->errorHandler(2, 'Trying to access array offset on value of type null', 'APPPATH\\Views\\comic\\detail.php', 11)
 2 SYSTEMPATH\View\View.php(213): include('APPPATH\\Views\\comic\\detail.php')
 3 SYSTEMPATH\View\View.php(216): CodeIgniter\View\View->CodeIgniter\View\{closure}()
 4 SYSTEMPATH\Common.php(1135): CodeIgniter\View\View->render('comic/detail', [], true)
 5 APPPATH\Controllers\Comics.php(34): view('comic/detail', [...])
 6 SYSTEMPATH\CodeIgniter.php(896): App\Controllers\Comics->detail('FCPATH\\css', 'style.css')
 7 SYSTEMPATH\CodeIgniter.php(466): CodeIgniter\CodeIgniter->runController(Object(App\Controllers\Comics))
 8 SYSTEMPATH\CodeIgniter.php(349): CodeIgniter\CodeIgniter->handleRequest(null, Object(Config\Cache), false)
 9 FCPATH\index.php(55): CodeIgniter\CodeIgniter->run()
10 SYSTEMPATH\Commands\Server\rewrite.php(43): require_once('FCPATH\\index.php')
CRITICAL - 2022-07-16 05:05:47 --> Trying to access array offset on value of type null
in APPPATH\Views\comic\detail.php on line 11.
 1 APPPATH\Views\comic\detail.php(11): CodeIgniter\Debug\Exceptions->errorHandler(2, 'Trying to access array offset on value of type null', 'APPPATH\\Views\\comic\\detail.php', 11)
 2 SYSTEMPATH\View\View.php(213): include('APPPATH\\Views\\comic\\detail.php')
 3 SYSTEMPATH\View\View.php(216): CodeIgniter\View\View->CodeIgniter\View\{closure}()
 4 SYSTEMPATH\Common.php(1135): CodeIgniter\View\View->render('comic/detail', [], true)
 5 APPPATH\Controllers\Comics.php(34): view('comic/detail', [...])
 6 SYSTEMPATH\CodeIgniter.php(896): App\Controllers\Comics->detail('FCPATH\\css', 'style.css')
 7 SYSTEMPATH\CodeIgniter.php(466): CodeIgniter\CodeIgniter->runController(Object(App\Controllers\Comics))
 8 SYSTEMPATH\CodeIgniter.php(349): CodeIgniter\CodeIgniter->handleRequest(null, Object(Config\Cache), false)
 9 FCPATH\index.php(55): CodeIgniter\CodeIgniter->run()
10 SYSTEMPATH\Commands\Server\rewrite.php(43): require_once('FCPATH\\index.php')
CRITICAL - 2022-07-16 05:05:56 --> Trying to access array offset on value of type null
in APPPATH\Views\comic\detail.php on line 11.
 1 APPPATH\Views\comic\detail.php(11): CodeIgniter\Debug\Exceptions->errorHandler(2, 'Trying to access array offset on value of type null', 'APPPATH\\Views\\comic\\detail.php', 11)
 2 SYSTEMPATH\View\View.php(213): include('APPPATH\\Views\\comic\\detail.php')
 3 SYSTEMPATH\View\View.php(216): CodeIgniter\View\View->CodeIgniter\View\{closure}()
 4 SYSTEMPATH\Common.php(1135): CodeIgniter\View\View->render('comic/detail', [], true)
 5 APPPATH\Controllers\Comics.php(34): view('comic/detail', [...])
 6 SYSTEMPATH\CodeIgniter.php(896): App\Controllers\Comics->detail('FCPATH\\css', 'style.css')
 7 SYSTEMPATH\CodeIgniter.php(466): CodeIgniter\CodeIgniter->runController(Object(App\Controllers\Comics))
 8 SYSTEMPATH\CodeIgniter.php(349): CodeIgniter\CodeIgniter->handleRequest(null, Object(Config\Cache), false)
 9 FCPATH\index.php(55): CodeIgniter\CodeIgniter->run()
10 SYSTEMPATH\Commands\Server\rewrite.php(43): require_once('FCPATH\\index.php')
CRITICAL - 2022-07-16 05:06:28 --> Trying to access array offset on value of type null
in APPPATH\Views\comic\detail.php on line 11.
 1 APPPATH\Views\comic\detail.php(11): CodeIgniter\Debug\Exceptions->errorHandler(2, 'Trying to access array offset on value of type null', 'APPPATH\\Views\\comic\\detail.php', 11)
 2 SYSTEMPATH\View\View.php(213): include('APPPATH\\Views\\comic\\detail.php')
 3 SYSTEMPATH\View\View.php(216): CodeIgniter\View\View->CodeIgniter\View\{closure}()
 4 SYSTEMPATH\Common.php(1135): CodeIgniter\View\View->render('comic/detail', [], true)
 5 APPPATH\Controllers\Comics.php(34): view('comic/detail', [...])
 6 SYSTEMPATH\CodeIgniter.php(896): App\Controllers\Comics->detail('FCPATH\\css', 'style.css')
 7 SYSTEMPATH\CodeIgniter.php(466): CodeIgniter\CodeIgniter->runController(Object(App\Controllers\Comics))
 8 SYSTEMPATH\CodeIgniter.php(349): CodeIgniter\CodeIgniter->handleRequest(null, Object(Config\Cache), false)
 9 FCPATH\index.php(55): CodeIgniter\CodeIgniter->run()
10 SYSTEMPATH\Commands\Server\rewrite.php(43): require_once('FCPATH\\index.php')
CRITICAL - 2022-07-16 05:20:38 --> Trying to access array offset on value of type null
in APPPATH\Views\comic\detail.php on line 11.
 1 APPPATH\Views\comic\detail.php(11): CodeIgniter\Debug\Exceptions->errorHandler(2, 'Trying to access array offset on value of type null', 'APPPATH\\Views\\comic\\detail.php', 11)
 2 SYSTEMPATH\View\View.php(213): include('APPPATH\\Views\\comic\\detail.php')
 3 SYSTEMPATH\View\View.php(216): CodeIgniter\View\View->CodeIgniter\View\{closure}()
 4 SYSTEMPATH\Common.php(1135): CodeIgniter\View\View->render('comic/detail', [], true)
 5 APPPATH\Controllers\Comics.php(34): view('comic/detail', [...])
 6 SYSTEMPATH\CodeIgniter.php(896): App\Controllers\Comics->detail('FCPATH\\css', 'style.css')
 7 SYSTEMPATH\CodeIgniter.php(466): CodeIgniter\CodeIgniter->runController(Object(App\Controllers\Comics))
 8 SYSTEMPATH\CodeIgniter.php(349): CodeIgniter\CodeIgniter->handleRequest(null, Object(Config\Cache), false)
 9 FCPATH\index.php(55): CodeIgniter\CodeIgniter->run()
10 SYSTEMPATH\Commands\Server\rewrite.php(43): require_once('FCPATH\\index.php')
